<?xml version="1.0" encoding="UTF-8"?>
<testsuite xmlns:xsi="http://www.w3.org/2001/XMLSchema-instance" xsi:noNamespaceSchemaLocation="https://maven.apache.org/surefire/maven-surefire-plugin/xsd/surefire-test-report.xsd" name="com.giangvt.unittest.services.DataServiceTest" time="0.596" tests="1013" errors="0" skipped="0" failures="0">
  <properties>
    <property name="java.specification.version" value="14"/>
    <property name="sun.cpu.isalist" value="amd64"/>
    <property name="sun.jnu.encoding" value="Cp1252"/>
    <property name="java.class.path" value="D:\zang\tma\MavenPractice\student-management\target\test-classes;D:\zang\tma\MavenPractice\student-management\target\classes;C:\Users\MY HP\.m2\repository\junit\junit\4.11\junit-4.11.jar;C:\Users\MY HP\.m2\repository\org\hamcrest\hamcrest-core\1.3\hamcrest-core-1.3.jar;C:\Users\MY HP\.m2\repository\org\junit\jupiter\junit-jupiter-api\5.7.2\junit-jupiter-api-5.7.2.jar;C:\Users\MY HP\.m2\repository\org\apiguardian\apiguardian-api\1.1.0\apiguardian-api-1.1.0.jar;C:\Users\MY HP\.m2\repository\org\opentest4j\opentest4j\1.2.0\opentest4j-1.2.0.jar;C:\Users\MY HP\.m2\repository\org\junit\platform\junit-platform-commons\1.7.2\junit-platform-commons-1.7.2.jar;C:\Users\MY HP\.m2\repository\org\junit\jupiter\junit-jupiter-engine\5.7.2\junit-jupiter-engine-5.7.2.jar;C:\Users\MY HP\.m2\repository\org\junit\platform\junit-platform-engine\1.7.2\junit-platform-engine-1.7.2.jar;C:\Users\MY HP\.m2\repository\org\junit\jupiter\junit-jupiter-params\5.6.2\junit-jupiter-params-5.6.2.jar;C:\Users\MY HP\.m2\repository\javax\inject\javax.inject\1\javax.inject-1.jar;"/>
    <property name="java.vm.vendor" value="Oracle Corporation"/>
    <property name="sun.arch.data.model" value="64"/>
    <property name="user.variant" value=""/>
    <property name="java.vendor.url" value="https://java.oracle.com/"/>
    <property name="user.timezone" value="Asia/Bangkok"/>
    <property name="os.name" value="Windows 10"/>
    <property name="java.vm.specification.version" value="14"/>
    <property name="sun.java.launcher" value="SUN_STANDARD"/>
    <property name="user.country" value="US"/>
    <property name="sun.boot.library.path" value="C:\Program Files\Java\jdk-14.0.2\bin"/>
    <property name="sun.java.command" value="C:\Users\MYHP~1\AppData\Local\Temp\surefire17690353312236532445\surefirebooter4092146220414419237.jar C:\Users\MY HP\AppData\Local\Temp\surefire17690353312236532445 2021-11-09T13-05-40_172-jvmRun1 surefire16815292552905925553tmp surefire_01408082928731015352tmp"/>
    <property name="jdk.debug" value="release"/>
    <property name="surefire.test.class.path" value="D:\zang\tma\MavenPractice\student-management\target\test-classes;D:\zang\tma\MavenPractice\student-management\target\classes;C:\Users\MY HP\.m2\repository\junit\junit\4.11\junit-4.11.jar;C:\Users\MY HP\.m2\repository\org\hamcrest\hamcrest-core\1.3\hamcrest-core-1.3.jar;C:\Users\MY HP\.m2\repository\org\junit\jupiter\junit-jupiter-api\5.7.2\junit-jupiter-api-5.7.2.jar;C:\Users\MY HP\.m2\repository\org\apiguardian\apiguardian-api\1.1.0\apiguardian-api-1.1.0.jar;C:\Users\MY HP\.m2\repository\org\opentest4j\opentest4j\1.2.0\opentest4j-1.2.0.jar;C:\Users\MY HP\.m2\repository\org\junit\platform\junit-platform-commons\1.7.2\junit-platform-commons-1.7.2.jar;C:\Users\MY HP\.m2\repository\org\junit\jupiter\junit-jupiter-engine\5.7.2\junit-jupiter-engine-5.7.2.jar;C:\Users\MY HP\.m2\repository\org\junit\platform\junit-platform-engine\1.7.2\junit-platform-engine-1.7.2.jar;C:\Users\MY HP\.m2\repository\org\junit\jupiter\junit-jupiter-params\5.6.2\junit-jupiter-params-5.6.2.jar;C:\Users\MY HP\.m2\repository\javax\inject\javax.inject\1\javax.inject-1.jar;"/>
    <property name="sun.cpu.endian" value="little"/>
    <property name="user.home" value="C:\Users\MY HP"/>
    <property name="user.language" value="en"/>
    <property name="java.specification.vendor" value="Oracle Corporation"/>
    <property name="java.version.date" value="2020-07-14"/>
    <property name="java.home" value="C:\Program Files\Java\jdk-14.0.2"/>
    <property name="file.separator" value="\"/>
    <property name="basedir" value="D:\zang\tma\MavenPractice\student-management"/>
    <property name="java.vm.compressedOopsMode" value="Zero based"/>
    <property name="line.separator" value="&#10;"/>
    <property name="java.vm.specification.vendor" value="Oracle Corporation"/>
    <property name="java.specification.name" value="Java Platform API Specification"/>
    <property name="surefire.real.class.path" value="C:\Users\MYHP~1\AppData\Local\Temp\surefire17690353312236532445\surefirebooter4092146220414419237.jar"/>
    <property name="user.script" value=""/>
    <property name="sun.management.compiler" value="HotSpot 64-Bit Tiered Compilers"/>
    <property name="java.runtime.version" value="14.0.2+12-46"/>
    <property name="user.name" value="MY HP"/>
    <property name="path.separator" value=";"/>
    <property name="os.version" value="10.0"/>
    <property name="java.runtime.name" value="Java(TM) SE Runtime Environment"/>
    <property name="file.encoding" value="Cp1252"/>
    <property name="java.vm.name" value="Java HotSpot(TM) 64-Bit Server VM"/>
    <property name="localRepository" value="C:\Users\MY HP\.m2\repository"/>
    <property name="java.vendor.url.bug" value="https://bugreport.java.com/bugreport/"/>
    <property name="java.io.tmpdir" value="C:\Users\MYHP~1\AppData\Local\Temp\"/>
    <property name="java.version" value="14.0.2"/>
    <property name="user.dir" value="D:\zang\tma\MavenPractice\student-management"/>
    <property name="os.arch" value="amd64"/>
    <property name="java.vm.specification.name" value="Java Virtual Machine Specification"/>
    <property name="sun.os.patch.level" value=""/>
    <property name="java.library.path" value="C:\Program Files\Java\jdk-14.0.2\bin;C:\WINDOWS\Sun\Java\bin;C:\WINDOWS\system32;C:\WINDOWS;C:\Program Files\Microsoft MPI\Bin\;C:\WINDOWS\system32;C:\WINDOWS;C:\WINDOWS\System32\Wbem;C:\WINDOWS\System32\WindowsPowerShell\v1.0\;C:\WINDOWS\System32\OpenSSH\;C:\Program Files\Java\jdk-14.0.2\bin;C:\Program Files\Java\jdk-14.0.2\bin;C:\Program Files\Microsoft SQL Server\Client SDK\ODBC\110\Tools\Binn\;C:\Program Files\apache-ant-1.10.8\bin;C:\Program Files\dotnet\;C:\Program Files\Microsoft SQL Server\Client SDK\ODBC\170\Tools\Binn\;C:\Program Files (x86)\dotnet\;C:\Program Files\nodejs\;C:\Program Files\Git\cmd;C:\Program Files\PostgreSQL\13\bin;C:\Program Files\Microsoft SQL Server\Client SDK\ODBC\130\Tools\Binn\;C:\Program Files\Microsoft SQL Server\120\Tools\Binn\;C:\Program Files (x86)\Microsoft SQL Server\120\Tools\Binn\;C:\Program Files\Microsoft SQL Server\120\DTS\Binn\;C:\Program Files (x86)\Microsoft SQL Server\120\Tools\Binn\ManagementStudio\;C:\Program Files (x86)\Microsoft SQL Server\120\DTS\Binn\;C:\Program Files\Apache Software Foundation\apache-maven-3.8.3\bin;C:\Users\MY HP\AppData\Local\Microsoft\WindowsApps;C:\Users\MY HP\AppData\Local\Programs\Microsoft VS Code\bin;C:\Users\MY HP\.dotnet\tools;C:\Users\MY HP\flutter_windows_2.0.2-stable\flutter\bin;C:\Users\MY HP\AppData\Local\Microsoft\WindowsApps;C:\Users\MY HP\AppData\Roaming\npm;."/>
    <property name="java.vm.info" value="mixed mode, sharing"/>
    <property name="java.vendor" value="Oracle Corporation"/>
    <property name="java.vm.version" value="14.0.2+12-46"/>
    <property name="sun.io.unicode.encoding" value="UnicodeLittle"/>
    <property name="java.class.version" value="58.0"/>
  </properties>
  <testcase name="ensureThatFellowsStayASmallGroup" classname="com.giangvt.unittest.services.DataServiceTest" time="0"/>
  <testcase name="testThatAgeMustBeLargerThanZeroViaConstructor" classname="com.giangvt.unittest.services.DataServiceTest" time="0.001"/>
  <testcase name="ensureThatOneRingBearerIsPartOfTheFellowship" classname="com.giangvt.unittest.services.DataServiceTest" time="0.002"/>
  <testcase name="exceptionTesting" classname="com.giangvt.unittest.services.DataServiceTest" time="0.001"/>
  <testcase name="ensureFellowShipCharacterAccessByNameWorksGivenCorrectNameIsGiven" classname="com.giangvt.unittest.services.DataServiceTest" time="0.001"/>
  <testcase name="ensureOrdering" classname="com.giangvt.unittest.services.DataServiceTest" time="0"/>
  <testcase name="ensureAge" classname="com.giangvt.unittest.services.DataServiceTest" time="0.003"/>
  <testcase name="ensureThatWeCanRetrieveFellowshipMultipleTimes[1]" classname="com.giangvt.unittest.services.DataServiceTest" time="0.001"/>
  <testcase name="ensureThatWeCanRetrieveFellowshipMultipleTimes[2]" classname="com.giangvt.unittest.services.DataServiceTest" time="0.001"/>
  <testcase name="ensureThatWeCanRetrieveFellowshipMultipleTimes[3]" classname="com.giangvt.unittest.services.DataServiceTest" time="0"/>
  <testcase name="ensureThatWeCanRetrieveFellowshipMultipleTimes[4]" classname="com.giangvt.unittest.services.DataServiceTest" time="0.002"/>
  <testcase name="ensureThatWeCanRetrieveFellowshipMultipleTimes[5]" classname="com.giangvt.unittest.services.DataServiceTest" time="0"/>
  <testcase name="ensureThatWeCanRetrieveFellowshipMultipleTimes[6]" classname="com.giangvt.unittest.services.DataServiceTest" time="0"/>
  <testcase name="ensureThatWeCanRetrieveFellowshipMultipleTimes[7]" classname="com.giangvt.unittest.services.DataServiceTest" time="0.001"/>
  <testcase name="ensureThatWeCanRetrieveFellowshipMultipleTimes[8]" classname="com.giangvt.unittest.services.DataServiceTest" time="0.001"/>
  <testcase name="ensureThatWeCanRetrieveFellowshipMultipleTimes[9]" classname="com.giangvt.unittest.services.DataServiceTest" time="0.001"/>
  <testcase name="ensureThatWeCanRetrieveFellowshipMultipleTimes[10]" classname="com.giangvt.unittest.services.DataServiceTest" time="0"/>
  <testcase name="ensureThatWeCanRetrieveFellowshipMultipleTimes[11]" classname="com.giangvt.unittest.services.DataServiceTest" time="0"/>
  <testcase name="ensureThatWeCanRetrieveFellowshipMultipleTimes[12]" classname="com.giangvt.unittest.services.DataServiceTest" time="0"/>
  <testcase name="ensureThatWeCanRetrieveFellowshipMultipleTimes[13]" classname="com.giangvt.unittest.services.DataServiceTest" time="0"/>
  <testcase name="ensureThatWeCanRetrieveFellowshipMultipleTimes[14]" classname="com.giangvt.unittest.services.DataServiceTest" time="0"/>
  <testcase name="ensureThatWeCanRetrieveFellowshipMultipleTimes[15]" classname="com.giangvt.unittest.services.DataServiceTest" time="0"/>
  <testcase name="ensureThatWeCanRetrieveFellowshipMultipleTimes[16]" classname="com.giangvt.unittest.services.DataServiceTest" time="0"/>
  <testcase name="ensureThatWeCanRetrieveFellowshipMultipleTimes[17]" classname="com.giangvt.unittest.services.DataServiceTest" time="0"/>
  <testcase name="ensureThatWeCanRetrieveFellowshipMultipleTimes[18]" classname="com.giangvt.unittest.services.DataServiceTest" time="0"/>
  <testcase name="ensureThatWeCanRetrieveFellowshipMultipleTimes[19]" classname="com.giangvt.unittest.services.DataServiceTest" time="0.001"/>
  <testcase name="ensureThatWeCanRetrieveFellowshipMultipleTimes[20]" classname="com.giangvt.unittest.services.DataServiceTest" time="0"/>
  <testcase name="ensureThatWeCanRetrieveFellowshipMultipleTimes[21]" classname="com.giangvt.unittest.services.DataServiceTest" time="0"/>
  <testcase name="ensureThatWeCanRetrieveFellowshipMultipleTimes[22]" classname="com.giangvt.unittest.services.DataServiceTest" time="0"/>
  <testcase name="ensureThatWeCanRetrieveFellowshipMultipleTimes[23]" classname="com.giangvt.unittest.services.DataServiceTest" time="0"/>
  <testcase name="ensureThatWeCanRetrieveFellowshipMultipleTimes[24]" classname="com.giangvt.unittest.services.DataServiceTest" time="0"/>
  <testcase name="ensureThatWeCanRetrieveFellowshipMultipleTimes[25]" classname="com.giangvt.unittest.services.DataServiceTest" time="0"/>
  <testcase name="ensureThatWeCanRetrieveFellowshipMultipleTimes[26]" classname="com.giangvt.unittest.services.DataServiceTest" time="0"/>
  <testcase name="ensureThatWeCanRetrieveFellowshipMultipleTimes[27]" classname="com.giangvt.unittest.services.DataServiceTest" time="0.001"/>
  <testcase name="ensureThatWeCanRetrieveFellowshipMultipleTimes[28]" classname="com.giangvt.unittest.services.DataServiceTest" time="0"/>
  <testcase name="ensureThatWeCanRetrieveFellowshipMultipleTimes[29]" classname="com.giangvt.unittest.services.DataServiceTest" time="0"/>
  <testcase name="ensureThatWeCanRetrieveFellowshipMultipleTimes[30]" classname="com.giangvt.unittest.services.DataServiceTest" time="0.001"/>
  <testcase name="ensureThatWeCanRetrieveFellowshipMultipleTimes[31]" classname="com.giangvt.unittest.services.DataServiceTest" time="0.001"/>
  <testcase name="ensureThatWeCanRetrieveFellowshipMultipleTimes[32]" classname="com.giangvt.unittest.services.DataServiceTest" time="0.006"/>
  <testcase name="ensureThatWeCanRetrieveFellowshipMultipleTimes[33]" classname="com.giangvt.unittest.services.DataServiceTest" time="0"/>
  <testcase name="ensureThatWeCanRetrieveFellowshipMultipleTimes[34]" classname="com.giangvt.unittest.services.DataServiceTest" time="0"/>
  <testcase name="ensureThatWeCanRetrieveFellowshipMultipleTimes[35]" classname="com.giangvt.unittest.services.DataServiceTest" time="0.001"/>
  <testcase name="ensureThatWeCanRetrieveFellowshipMultipleTimes[36]" classname="com.giangvt.unittest.services.DataServiceTest" time="0"/>
  <testcase name="ensureThatWeCanRetrieveFellowshipMultipleTimes[37]" classname="com.giangvt.unittest.services.DataServiceTest" time="0"/>
  <testcase name="ensureThatWeCanRetrieveFellowshipMultipleTimes[38]" classname="com.giangvt.unittest.services.DataServiceTest" time="0"/>
  <testcase name="ensureThatWeCanRetrieveFellowshipMultipleTimes[39]" classname="com.giangvt.unittest.services.DataServiceTest" time="0"/>
  <testcase name="ensureThatWeCanRetrieveFellowshipMultipleTimes[40]" classname="com.giangvt.unittest.services.DataServiceTest" time="0.001"/>
  <testcase name="ensureThatWeCanRetrieveFellowshipMultipleTimes[41]" classname="com.giangvt.unittest.services.DataServiceTest" time="0"/>
  <testcase name="ensureThatWeCanRetrieveFellowshipMultipleTimes[42]" classname="com.giangvt.unittest.services.DataServiceTest" time="0.001"/>
  <testcase name="ensureThatWeCanRetrieveFellowshipMultipleTimes[43]" classname="com.giangvt.unittest.services.DataServiceTest" time="0"/>
  <testcase name="ensureThatWeCanRetrieveFellowshipMultipleTimes[44]" classname="com.giangvt.unittest.services.DataServiceTest" time="0"/>
  <testcase name="ensureThatWeCanRetrieveFellowshipMultipleTimes[45]" classname="com.giangvt.unittest.services.DataServiceTest" time="0"/>
  <testcase name="ensureThatWeCanRetrieveFellowshipMultipleTimes[46]" classname="com.giangvt.unittest.services.DataServiceTest" time="0.012"/>
  <testcase name="ensureThatWeCanRetrieveFellowshipMultipleTimes[47]" classname="com.giangvt.unittest.services.DataServiceTest" time="0"/>
  <testcase name="ensureThatWeCanRetrieveFellowshipMultipleTimes[48]" classname="com.giangvt.unittest.services.DataServiceTest" time="0"/>
  <testcase name="ensureThatWeCanRetrieveFellowshipMultipleTimes[49]" classname="com.giangvt.unittest.services.DataServiceTest" time="0.002"/>
  <testcase name="ensureThatWeCanRetrieveFellowshipMultipleTimes[50]" classname="com.giangvt.unittest.services.DataServiceTest" time="0"/>
  <testcase name="ensureThatWeCanRetrieveFellowshipMultipleTimes[51]" classname="com.giangvt.unittest.services.DataServiceTest" time="0"/>
  <testcase name="ensureThatWeCanRetrieveFellowshipMultipleTimes[52]" classname="com.giangvt.unittest.services.DataServiceTest" time="0"/>
  <testcase name="ensureThatWeCanRetrieveFellowshipMultipleTimes[53]" classname="com.giangvt.unittest.services.DataServiceTest" time="0.01"/>
  <testcase name="ensureThatWeCanRetrieveFellowshipMultipleTimes[54]" classname="com.giangvt.unittest.services.DataServiceTest" time="0"/>
  <testcase name="ensureThatWeCanRetrieveFellowshipMultipleTimes[55]" classname="com.giangvt.unittest.services.DataServiceTest" time="0"/>
  <testcase name="ensureThatWeCanRetrieveFellowshipMultipleTimes[56]" classname="com.giangvt.unittest.services.DataServiceTest" time="0"/>
  <testcase name="ensureThatWeCanRetrieveFellowshipMultipleTimes[57]" classname="com.giangvt.unittest.services.DataServiceTest" time="0"/>
  <testcase name="ensureThatWeCanRetrieveFellowshipMultipleTimes[58]" classname="com.giangvt.unittest.services.DataServiceTest" time="0"/>
  <testcase name="ensureThatWeCanRetrieveFellowshipMultipleTimes[59]" classname="com.giangvt.unittest.services.DataServiceTest" time="0"/>
  <testcase name="ensureThatWeCanRetrieveFellowshipMultipleTimes[60]" classname="com.giangvt.unittest.services.DataServiceTest" time="0"/>
  <testcase name="ensureThatWeCanRetrieveFellowshipMultipleTimes[61]" classname="com.giangvt.unittest.services.DataServiceTest" time="0"/>
  <testcase name="ensureThatWeCanRetrieveFellowshipMultipleTimes[62]" classname="com.giangvt.unittest.services.DataServiceTest" time="0.006"/>
  <testcase name="ensureThatWeCanRetrieveFellowshipMultipleTimes[63]" classname="com.giangvt.unittest.services.DataServiceTest" time="0"/>
  <testcase name="ensureThatWeCanRetrieveFellowshipMultipleTimes[64]" classname="com.giangvt.unittest.services.DataServiceTest" time="0"/>
  <testcase name="ensureThatWeCanRetrieveFellowshipMultipleTimes[65]" classname="com.giangvt.unittest.services.DataServiceTest" time="0.004"/>
  <testcase name="ensureThatWeCanRetrieveFellowshipMultipleTimes[66]" classname="com.giangvt.unittest.services.DataServiceTest" time="0"/>
  <testcase name="ensureThatWeCanRetrieveFellowshipMultipleTimes[67]" classname="com.giangvt.unittest.services.DataServiceTest" time="0"/>
  <testcase name="ensureThatWeCanRetrieveFellowshipMultipleTimes[68]" classname="com.giangvt.unittest.services.DataServiceTest" time="0.001"/>
  <testcase name="ensureThatWeCanRetrieveFellowshipMultipleTimes[69]" classname="com.giangvt.unittest.services.DataServiceTest" time="0.001"/>
  <testcase name="ensureThatWeCanRetrieveFellowshipMultipleTimes[70]" classname="com.giangvt.unittest.services.DataServiceTest" time="0"/>
  <testcase name="ensureThatWeCanRetrieveFellowshipMultipleTimes[71]" classname="com.giangvt.unittest.services.DataServiceTest" time="0.006"/>
  <testcase name="ensureThatWeCanRetrieveFellowshipMultipleTimes[72]" classname="com.giangvt.unittest.services.DataServiceTest" time="0"/>
  <testcase name="ensureThatWeCanRetrieveFellowshipMultipleTimes[73]" classname="com.giangvt.unittest.services.DataServiceTest" time="0"/>
  <testcase name="ensureThatWeCanRetrieveFellowshipMultipleTimes[74]" classname="com.giangvt.unittest.services.DataServiceTest" time="0"/>
  <testcase name="ensureThatWeCanRetrieveFellowshipMultipleTimes[75]" classname="com.giangvt.unittest.services.DataServiceTest" time="0"/>
  <testcase name="ensureThatWeCanRetrieveFellowshipMultipleTimes[76]" classname="com.giangvt.unittest.services.DataServiceTest" time="0"/>
  <testcase name="ensureThatWeCanRetrieveFellowshipMultipleTimes[77]" classname="com.giangvt.unittest.services.DataServiceTest" time="0.001"/>
  <testcase name="ensureThatWeCanRetrieveFellowshipMultipleTimes[78]" classname="com.giangvt.unittest.services.DataServiceTest" time="0"/>
  <testcase name="ensureThatWeCanRetrieveFellowshipMultipleTimes[79]" classname="com.giangvt.unittest.services.DataServiceTest" time="0"/>
  <testcase name="ensureThatWeCanRetrieveFellowshipMultipleTimes[80]" classname="com.giangvt.unittest.services.DataServiceTest" time="0"/>
  <testcase name="ensureThatWeCanRetrieveFellowshipMultipleTimes[81]" classname="com.giangvt.unittest.services.DataServiceTest" time="0"/>
  <testcase name="ensureThatWeCanRetrieveFellowshipMultipleTimes[82]" classname="com.giangvt.unittest.services.DataServiceTest" time="0"/>
  <testcase name="ensureThatWeCanRetrieveFellowshipMultipleTimes[83]" classname="com.giangvt.unittest.services.DataServiceTest" time="0"/>
  <testcase name="ensureThatWeCanRetrieveFellowshipMultipleTimes[84]" classname="com.giangvt.unittest.services.DataServiceTest" time="0.001"/>
  <testcase name="ensureThatWeCanRetrieveFellowshipMultipleTimes[85]" classname="com.giangvt.unittest.services.DataServiceTest" time="0.001"/>
  <testcase name="ensureThatWeCanRetrieveFellowshipMultipleTimes[86]" classname="com.giangvt.unittest.services.DataServiceTest" time="0"/>
  <testcase name="ensureThatWeCanRetrieveFellowshipMultipleTimes[87]" classname="com.giangvt.unittest.services.DataServiceTest" time="0"/>
  <testcase name="ensureThatWeCanRetrieveFellowshipMultipleTimes[88]" classname="com.giangvt.unittest.services.DataServiceTest" time="0"/>
  <testcase name="ensureThatWeCanRetrieveFellowshipMultipleTimes[89]" classname="com.giangvt.unittest.services.DataServiceTest" time="0.001"/>
  <testcase name="ensureThatWeCanRetrieveFellowshipMultipleTimes[90]" classname="com.giangvt.unittest.services.DataServiceTest" time="0"/>
  <testcase name="ensureThatWeCanRetrieveFellowshipMultipleTimes[91]" classname="com.giangvt.unittest.services.DataServiceTest" time="0"/>
  <testcase name="ensureThatWeCanRetrieveFellowshipMultipleTimes[92]" classname="com.giangvt.unittest.services.DataServiceTest" time="0.001"/>
  <testcase name="ensureThatWeCanRetrieveFellowshipMultipleTimes[93]" classname="com.giangvt.unittest.services.DataServiceTest" time="0.001"/>
  <testcase name="ensureThatWeCanRetrieveFellowshipMultipleTimes[94]" classname="com.giangvt.unittest.services.DataServiceTest" time="0.002"/>
  <testcase name="ensureThatWeCanRetrieveFellowshipMultipleTimes[95]" classname="com.giangvt.unittest.services.DataServiceTest" time="0"/>
  <testcase name="ensureThatWeCanRetrieveFellowshipMultipleTimes[96]" classname="com.giangvt.unittest.services.DataServiceTest" time="0"/>
  <testcase name="ensureThatWeCanRetrieveFellowshipMultipleTimes[97]" classname="com.giangvt.unittest.services.DataServiceTest" time="0"/>
  <testcase name="ensureThatWeCanRetrieveFellowshipMultipleTimes[98]" classname="com.giangvt.unittest.services.DataServiceTest" time="0.002"/>
  <testcase name="ensureThatWeCanRetrieveFellowshipMultipleTimes[99]" classname="com.giangvt.unittest.services.DataServiceTest" time="0"/>
  <testcase name="ensureThatWeCanRetrieveFellowshipMultipleTimes[100]" classname="com.giangvt.unittest.services.DataServiceTest" time="0"/>
  <testcase name="ensureThatWeCanRetrieveFellowshipMultipleTimes[101]" classname="com.giangvt.unittest.services.DataServiceTest" time="0"/>
  <testcase name="ensureThatWeCanRetrieveFellowshipMultipleTimes[102]" classname="com.giangvt.unittest.services.DataServiceTest" time="0"/>
  <testcase name="ensureThatWeCanRetrieveFellowshipMultipleTimes[103]" classname="com.giangvt.unittest.services.DataServiceTest" time="0"/>
  <testcase name="ensureThatWeCanRetrieveFellowshipMultipleTimes[104]" classname="com.giangvt.unittest.services.DataServiceTest" time="0.002"/>
  <testcase name="ensureThatWeCanRetrieveFellowshipMultipleTimes[105]" classname="com.giangvt.unittest.services.DataServiceTest" time="0"/>
  <testcase name="ensureThatWeCanRetrieveFellowshipMultipleTimes[106]" classname="com.giangvt.unittest.services.DataServiceTest" time="0"/>
  <testcase name="ensureThatWeCanRetrieveFellowshipMultipleTimes[107]" classname="com.giangvt.unittest.services.DataServiceTest" time="0"/>
  <testcase name="ensureThatWeCanRetrieveFellowshipMultipleTimes[108]" classname="com.giangvt.unittest.services.DataServiceTest" time="0"/>
  <testcase name="ensureThatWeCanRetrieveFellowshipMultipleTimes[109]" classname="com.giangvt.unittest.services.DataServiceTest" time="0.001"/>
  <testcase name="ensureThatWeCanRetrieveFellowshipMultipleTimes[110]" classname="com.giangvt.unittest.services.DataServiceTest" time="0"/>
  <testcase name="ensureThatWeCanRetrieveFellowshipMultipleTimes[111]" classname="com.giangvt.unittest.services.DataServiceTest" time="0"/>
  <testcase name="ensureThatWeCanRetrieveFellowshipMultipleTimes[112]" classname="com.giangvt.unittest.services.DataServiceTest" time="0.001"/>
  <testcase name="ensureThatWeCanRetrieveFellowshipMultipleTimes[113]" classname="com.giangvt.unittest.services.DataServiceTest" time="0"/>
  <testcase name="ensureThatWeCanRetrieveFellowshipMultipleTimes[114]" classname="com.giangvt.unittest.services.DataServiceTest" time="0"/>
  <testcase name="ensureThatWeCanRetrieveFellowshipMultipleTimes[115]" classname="com.giangvt.unittest.services.DataServiceTest" time="0"/>
  <testcase name="ensureThatWeCanRetrieveFellowshipMultipleTimes[116]" classname="com.giangvt.unittest.services.DataServiceTest" time="0"/>
  <testcase name="ensureThatWeCanRetrieveFellowshipMultipleTimes[117]" classname="com.giangvt.unittest.services.DataServiceTest" time="0"/>
  <testcase name="ensureThatWeCanRetrieveFellowshipMultipleTimes[118]" classname="com.giangvt.unittest.services.DataServiceTest" time="0.001"/>
  <testcase name="ensureThatWeCanRetrieveFellowshipMultipleTimes[119]" classname="com.giangvt.unittest.services.DataServiceTest" time="0"/>
  <testcase name="ensureThatWeCanRetrieveFellowshipMultipleTimes[120]" classname="com.giangvt.unittest.services.DataServiceTest" time="0"/>
  <testcase name="ensureThatWeCanRetrieveFellowshipMultipleTimes[121]" classname="com.giangvt.unittest.services.DataServiceTest" time="0"/>
  <testcase name="ensureThatWeCanRetrieveFellowshipMultipleTimes[122]" classname="com.giangvt.unittest.services.DataServiceTest" time="0"/>
  <testcase name="ensureThatWeCanRetrieveFellowshipMultipleTimes[123]" classname="com.giangvt.unittest.services.DataServiceTest" time="0"/>
  <testcase name="ensureThatWeCanRetrieveFellowshipMultipleTimes[124]" classname="com.giangvt.unittest.services.DataServiceTest" time="0.001"/>
  <testcase name="ensureThatWeCanRetrieveFellowshipMultipleTimes[125]" classname="com.giangvt.unittest.services.DataServiceTest" time="0.002"/>
  <testcase name="ensureThatWeCanRetrieveFellowshipMultipleTimes[126]" classname="com.giangvt.unittest.services.DataServiceTest" time="0"/>
  <testcase name="ensureThatWeCanRetrieveFellowshipMultipleTimes[127]" classname="com.giangvt.unittest.services.DataServiceTest" time="0"/>
  <testcase name="ensureThatWeCanRetrieveFellowshipMultipleTimes[128]" classname="com.giangvt.unittest.services.DataServiceTest" time="0"/>
  <testcase name="ensureThatWeCanRetrieveFellowshipMultipleTimes[129]" classname="com.giangvt.unittest.services.DataServiceTest" time="0"/>
  <testcase name="ensureThatWeCanRetrieveFellowshipMultipleTimes[130]" classname="com.giangvt.unittest.services.DataServiceTest" time="0.001"/>
  <testcase name="ensureThatWeCanRetrieveFellowshipMultipleTimes[131]" classname="com.giangvt.unittest.services.DataServiceTest" time="0"/>
  <testcase name="ensureThatWeCanRetrieveFellowshipMultipleTimes[132]" classname="com.giangvt.unittest.services.DataServiceTest" time="0"/>
  <testcase name="ensureThatWeCanRetrieveFellowshipMultipleTimes[133]" classname="com.giangvt.unittest.services.DataServiceTest" time="0.001"/>
  <testcase name="ensureThatWeCanRetrieveFellowshipMultipleTimes[134]" classname="com.giangvt.unittest.services.DataServiceTest" time="0"/>
  <testcase name="ensureThatWeCanRetrieveFellowshipMultipleTimes[135]" classname="com.giangvt.unittest.services.DataServiceTest" time="0"/>
  <testcase name="ensureThatWeCanRetrieveFellowshipMultipleTimes[136]" classname="com.giangvt.unittest.services.DataServiceTest" time="0"/>
  <testcase name="ensureThatWeCanRetrieveFellowshipMultipleTimes[137]" classname="com.giangvt.unittest.services.DataServiceTest" time="0"/>
  <testcase name="ensureThatWeCanRetrieveFellowshipMultipleTimes[138]" classname="com.giangvt.unittest.services.DataServiceTest" time="0"/>
  <testcase name="ensureThatWeCanRetrieveFellowshipMultipleTimes[139]" classname="com.giangvt.unittest.services.DataServiceTest" time="0"/>
  <testcase name="ensureThatWeCanRetrieveFellowshipMultipleTimes[140]" classname="com.giangvt.unittest.services.DataServiceTest" time="0"/>
  <testcase name="ensureThatWeCanRetrieveFellowshipMultipleTimes[141]" classname="com.giangvt.unittest.services.DataServiceTest" time="0"/>
  <testcase name="ensureThatWeCanRetrieveFellowshipMultipleTimes[142]" classname="com.giangvt.unittest.services.DataServiceTest" time="0"/>
  <testcase name="ensureThatWeCanRetrieveFellowshipMultipleTimes[143]" classname="com.giangvt.unittest.services.DataServiceTest" time="0"/>
  <testcase name="ensureThatWeCanRetrieveFellowshipMultipleTimes[144]" classname="com.giangvt.unittest.services.DataServiceTest" time="0.001"/>
  <testcase name="ensureThatWeCanRetrieveFellowshipMultipleTimes[145]" classname="com.giangvt.unittest.services.DataServiceTest" time="0.001"/>
  <testcase name="ensureThatWeCanRetrieveFellowshipMultipleTimes[146]" classname="com.giangvt.unittest.services.DataServiceTest" time="0"/>
  <testcase name="ensureThatWeCanRetrieveFellowshipMultipleTimes[147]" classname="com.giangvt.unittest.services.DataServiceTest" time="0.001"/>
  <testcase name="ensureThatWeCanRetrieveFellowshipMultipleTimes[148]" classname="com.giangvt.unittest.services.DataServiceTest" time="0"/>
  <testcase name="ensureThatWeCanRetrieveFellowshipMultipleTimes[149]" classname="com.giangvt.unittest.services.DataServiceTest" time="0"/>
  <testcase name="ensureThatWeCanRetrieveFellowshipMultipleTimes[150]" classname="com.giangvt.unittest.services.DataServiceTest" time="0"/>
  <testcase name="ensureThatWeCanRetrieveFellowshipMultipleTimes[151]" classname="com.giangvt.unittest.services.DataServiceTest" time="0"/>
  <testcase name="ensureThatWeCanRetrieveFellowshipMultipleTimes[152]" classname="com.giangvt.unittest.services.DataServiceTest" time="0"/>
  <testcase name="ensureThatWeCanRetrieveFellowshipMultipleTimes[153]" classname="com.giangvt.unittest.services.DataServiceTest" time="0"/>
  <testcase name="ensureThatWeCanRetrieveFellowshipMultipleTimes[154]" classname="com.giangvt.unittest.services.DataServiceTest" time="0.001"/>
  <testcase name="ensureThatWeCanRetrieveFellowshipMultipleTimes[155]" classname="com.giangvt.unittest.services.DataServiceTest" time="0"/>
  <testcase name="ensureThatWeCanRetrieveFellowshipMultipleTimes[156]" classname="com.giangvt.unittest.services.DataServiceTest" time="0.001"/>
  <testcase name="ensureThatWeCanRetrieveFellowshipMultipleTimes[157]" classname="com.giangvt.unittest.services.DataServiceTest" time="0.001"/>
  <testcase name="ensureThatWeCanRetrieveFellowshipMultipleTimes[158]" classname="com.giangvt.unittest.services.DataServiceTest" time="0.001"/>
  <testcase name="ensureThatWeCanRetrieveFellowshipMultipleTimes[159]" classname="com.giangvt.unittest.services.DataServiceTest" time="0"/>
  <testcase name="ensureThatWeCanRetrieveFellowshipMultipleTimes[160]" classname="com.giangvt.unittest.services.DataServiceTest" time="0"/>
  <testcase name="ensureThatWeCanRetrieveFellowshipMultipleTimes[161]" classname="com.giangvt.unittest.services.DataServiceTest" time="0.001"/>
  <testcase name="ensureThatWeCanRetrieveFellowshipMultipleTimes[162]" classname="com.giangvt.unittest.services.DataServiceTest" time="0"/>
  <testcase name="ensureThatWeCanRetrieveFellowshipMultipleTimes[163]" classname="com.giangvt.unittest.services.DataServiceTest" time="0"/>
  <testcase name="ensureThatWeCanRetrieveFellowshipMultipleTimes[164]" classname="com.giangvt.unittest.services.DataServiceTest" time="0"/>
  <testcase name="ensureThatWeCanRetrieveFellowshipMultipleTimes[165]" classname="com.giangvt.unittest.services.DataServiceTest" time="0"/>
  <testcase name="ensureThatWeCanRetrieveFellowshipMultipleTimes[166]" classname="com.giangvt.unittest.services.DataServiceTest" time="0"/>
  <testcase name="ensureThatWeCanRetrieveFellowshipMultipleTimes[167]" classname="com.giangvt.unittest.services.DataServiceTest" time="0.001"/>
  <testcase name="ensureThatWeCanRetrieveFellowshipMultipleTimes[168]" classname="com.giangvt.unittest.services.DataServiceTest" time="0"/>
  <testcase name="ensureThatWeCanRetrieveFellowshipMultipleTimes[169]" classname="com.giangvt.unittest.services.DataServiceTest" time="0"/>
  <testcase name="ensureThatWeCanRetrieveFellowshipMultipleTimes[170]" classname="com.giangvt.unittest.services.DataServiceTest" time="0.001"/>
  <testcase name="ensureThatWeCanRetrieveFellowshipMultipleTimes[171]" classname="com.giangvt.unittest.services.DataServiceTest" time="0"/>
  <testcase name="ensureThatWeCanRetrieveFellowshipMultipleTimes[172]" classname="com.giangvt.unittest.services.DataServiceTest" time="0.001"/>
  <testcase name="ensureThatWeCanRetrieveFellowshipMultipleTimes[173]" classname="com.giangvt.unittest.services.DataServiceTest" time="0.001"/>
  <testcase name="ensureThatWeCanRetrieveFellowshipMultipleTimes[174]" classname="com.giangvt.unittest.services.DataServiceTest" time="0"/>
  <testcase name="ensureThatWeCanRetrieveFellowshipMultipleTimes[175]" classname="com.giangvt.unittest.services.DataServiceTest" time="0"/>
  <testcase name="ensureThatWeCanRetrieveFellowshipMultipleTimes[176]" classname="com.giangvt.unittest.services.DataServiceTest" time="0.001"/>
  <testcase name="ensureThatWeCanRetrieveFellowshipMultipleTimes[177]" classname="com.giangvt.unittest.services.DataServiceTest" time="0.002"/>
  <testcase name="ensureThatWeCanRetrieveFellowshipMultipleTimes[178]" classname="com.giangvt.unittest.services.DataServiceTest" time="0"/>
  <testcase name="ensureThatWeCanRetrieveFellowshipMultipleTimes[179]" classname="com.giangvt.unittest.services.DataServiceTest" time="0.001"/>
  <testcase name="ensureThatWeCanRetrieveFellowshipMultipleTimes[180]" classname="com.giangvt.unittest.services.DataServiceTest" time="0"/>
  <testcase name="ensureThatWeCanRetrieveFellowshipMultipleTimes[181]" classname="com.giangvt.unittest.services.DataServiceTest" time="0"/>
  <testcase name="ensureThatWeCanRetrieveFellowshipMultipleTimes[182]" classname="com.giangvt.unittest.services.DataServiceTest" time="0.001"/>
  <testcase name="ensureThatWeCanRetrieveFellowshipMultipleTimes[183]" classname="com.giangvt.unittest.services.DataServiceTest" time="0.001"/>
  <testcase name="ensureThatWeCanRetrieveFellowshipMultipleTimes[184]" classname="com.giangvt.unittest.services.DataServiceTest" time="0.001"/>
  <testcase name="ensureThatWeCanRetrieveFellowshipMultipleTimes[185]" classname="com.giangvt.unittest.services.DataServiceTest" time="0"/>
  <testcase name="ensureThatWeCanRetrieveFellowshipMultipleTimes[186]" classname="com.giangvt.unittest.services.DataServiceTest" time="0"/>
  <testcase name="ensureThatWeCanRetrieveFellowshipMultipleTimes[187]" classname="com.giangvt.unittest.services.DataServiceTest" time="0"/>
  <testcase name="ensureThatWeCanRetrieveFellowshipMultipleTimes[188]" classname="com.giangvt.unittest.services.DataServiceTest" time="0"/>
  <testcase name="ensureThatWeCanRetrieveFellowshipMultipleTimes[189]" classname="com.giangvt.unittest.services.DataServiceTest" time="0"/>
  <testcase name="ensureThatWeCanRetrieveFellowshipMultipleTimes[190]" classname="com.giangvt.unittest.services.DataServiceTest" time="0.001"/>
  <testcase name="ensureThatWeCanRetrieveFellowshipMultipleTimes[191]" classname="com.giangvt.unittest.services.DataServiceTest" time="0"/>
  <testcase name="ensureThatWeCanRetrieveFellowshipMultipleTimes[192]" classname="com.giangvt.unittest.services.DataServiceTest" time="0"/>
  <testcase name="ensureThatWeCanRetrieveFellowshipMultipleTimes[193]" classname="com.giangvt.unittest.services.DataServiceTest" time="0.001"/>
  <testcase name="ensureThatWeCanRetrieveFellowshipMultipleTimes[194]" classname="com.giangvt.unittest.services.DataServiceTest" time="0"/>
  <testcase name="ensureThatWeCanRetrieveFellowshipMultipleTimes[195]" classname="com.giangvt.unittest.services.DataServiceTest" time="0"/>
  <testcase name="ensureThatWeCanRetrieveFellowshipMultipleTimes[196]" classname="com.giangvt.unittest.services.DataServiceTest" time="0"/>
  <testcase name="ensureThatWeCanRetrieveFellowshipMultipleTimes[197]" classname="com.giangvt.unittest.services.DataServiceTest" time="0"/>
  <testcase name="ensureThatWeCanRetrieveFellowshipMultipleTimes[198]" classname="com.giangvt.unittest.services.DataServiceTest" time="0.001"/>
  <testcase name="ensureThatWeCanRetrieveFellowshipMultipleTimes[199]" classname="com.giangvt.unittest.services.DataServiceTest" time="0"/>
  <testcase name="ensureThatWeCanRetrieveFellowshipMultipleTimes[200]" classname="com.giangvt.unittest.services.DataServiceTest" time="0"/>
  <testcase name="ensureThatWeCanRetrieveFellowshipMultipleTimes[201]" classname="com.giangvt.unittest.services.DataServiceTest" time="0.001"/>
  <testcase name="ensureThatWeCanRetrieveFellowshipMultipleTimes[202]" classname="com.giangvt.unittest.services.DataServiceTest" time="0"/>
  <testcase name="ensureThatWeCanRetrieveFellowshipMultipleTimes[203]" classname="com.giangvt.unittest.services.DataServiceTest" time="0"/>
  <testcase name="ensureThatWeCanRetrieveFellowshipMultipleTimes[204]" classname="com.giangvt.unittest.services.DataServiceTest" time="0"/>
  <testcase name="ensureThatWeCanRetrieveFellowshipMultipleTimes[205]" classname="com.giangvt.unittest.services.DataServiceTest" time="0"/>
  <testcase name="ensureThatWeCanRetrieveFellowshipMultipleTimes[206]" classname="com.giangvt.unittest.services.DataServiceTest" time="0"/>
  <testcase name="ensureThatWeCanRetrieveFellowshipMultipleTimes[207]" classname="com.giangvt.unittest.services.DataServiceTest" time="0"/>
  <testcase name="ensureThatWeCanRetrieveFellowshipMultipleTimes[208]" classname="com.giangvt.unittest.services.DataServiceTest" time="0"/>
  <testcase name="ensureThatWeCanRetrieveFellowshipMultipleTimes[209]" classname="com.giangvt.unittest.services.DataServiceTest" time="0"/>
  <testcase name="ensureThatWeCanRetrieveFellowshipMultipleTimes[210]" classname="com.giangvt.unittest.services.DataServiceTest" time="0"/>
  <testcase name="ensureThatWeCanRetrieveFellowshipMultipleTimes[211]" classname="com.giangvt.unittest.services.DataServiceTest" time="0"/>
  <testcase name="ensureThatWeCanRetrieveFellowshipMultipleTimes[212]" classname="com.giangvt.unittest.services.DataServiceTest" time="0"/>
  <testcase name="ensureThatWeCanRetrieveFellowshipMultipleTimes[213]" classname="com.giangvt.unittest.services.DataServiceTest" time="0"/>
  <testcase name="ensureThatWeCanRetrieveFellowshipMultipleTimes[214]" classname="com.giangvt.unittest.services.DataServiceTest" time="0.001"/>
  <testcase name="ensureThatWeCanRetrieveFellowshipMultipleTimes[215]" classname="com.giangvt.unittest.services.DataServiceTest" time="0"/>
  <testcase name="ensureThatWeCanRetrieveFellowshipMultipleTimes[216]" classname="com.giangvt.unittest.services.DataServiceTest" time="0"/>
  <testcase name="ensureThatWeCanRetrieveFellowshipMultipleTimes[217]" classname="com.giangvt.unittest.services.DataServiceTest" time="0.001"/>
  <testcase name="ensureThatWeCanRetrieveFellowshipMultipleTimes[218]" classname="com.giangvt.unittest.services.DataServiceTest" time="0.007"/>
  <testcase name="ensureThatWeCanRetrieveFellowshipMultipleTimes[219]" classname="com.giangvt.unittest.services.DataServiceTest" time="0"/>
  <testcase name="ensureThatWeCanRetrieveFellowshipMultipleTimes[220]" classname="com.giangvt.unittest.services.DataServiceTest" time="0"/>
  <testcase name="ensureThatWeCanRetrieveFellowshipMultipleTimes[221]" classname="com.giangvt.unittest.services.DataServiceTest" time="0"/>
  <testcase name="ensureThatWeCanRetrieveFellowshipMultipleTimes[222]" classname="com.giangvt.unittest.services.DataServiceTest" time="0"/>
  <testcase name="ensureThatWeCanRetrieveFellowshipMultipleTimes[223]" classname="com.giangvt.unittest.services.DataServiceTest" time="0"/>
  <testcase name="ensureThatWeCanRetrieveFellowshipMultipleTimes[224]" classname="com.giangvt.unittest.services.DataServiceTest" time="0"/>
  <testcase name="ensureThatWeCanRetrieveFellowshipMultipleTimes[225]" classname="com.giangvt.unittest.services.DataServiceTest" time="0"/>
  <testcase name="ensureThatWeCanRetrieveFellowshipMultipleTimes[226]" classname="com.giangvt.unittest.services.DataServiceTest" time="0"/>
  <testcase name="ensureThatWeCanRetrieveFellowshipMultipleTimes[227]" classname="com.giangvt.unittest.services.DataServiceTest" time="0"/>
  <testcase name="ensureThatWeCanRetrieveFellowshipMultipleTimes[228]" classname="com.giangvt.unittest.services.DataServiceTest" time="0"/>
  <testcase name="ensureThatWeCanRetrieveFellowshipMultipleTimes[229]" classname="com.giangvt.unittest.services.DataServiceTest" time="0"/>
  <testcase name="ensureThatWeCanRetrieveFellowshipMultipleTimes[230]" classname="com.giangvt.unittest.services.DataServiceTest" time="0"/>
  <testcase name="ensureThatWeCanRetrieveFellowshipMultipleTimes[231]" classname="com.giangvt.unittest.services.DataServiceTest" time="0"/>
  <testcase name="ensureThatWeCanRetrieveFellowshipMultipleTimes[232]" classname="com.giangvt.unittest.services.DataServiceTest" time="0.006"/>
  <testcase name="ensureThatWeCanRetrieveFellowshipMultipleTimes[233]" classname="com.giangvt.unittest.services.DataServiceTest" time="0"/>
  <testcase name="ensureThatWeCanRetrieveFellowshipMultipleTimes[234]" classname="com.giangvt.unittest.services.DataServiceTest" time="0"/>
  <testcase name="ensureThatWeCanRetrieveFellowshipMultipleTimes[235]" classname="com.giangvt.unittest.services.DataServiceTest" time="0"/>
  <testcase name="ensureThatWeCanRetrieveFellowshipMultipleTimes[236]" classname="com.giangvt.unittest.services.DataServiceTest" time="0"/>
  <testcase name="ensureThatWeCanRetrieveFellowshipMultipleTimes[237]" classname="com.giangvt.unittest.services.DataServiceTest" time="0"/>
  <testcase name="ensureThatWeCanRetrieveFellowshipMultipleTimes[238]" classname="com.giangvt.unittest.services.DataServiceTest" time="0"/>
  <testcase name="ensureThatWeCanRetrieveFellowshipMultipleTimes[239]" classname="com.giangvt.unittest.services.DataServiceTest" time="0"/>
  <testcase name="ensureThatWeCanRetrieveFellowshipMultipleTimes[240]" classname="com.giangvt.unittest.services.DataServiceTest" time="0"/>
  <testcase name="ensureThatWeCanRetrieveFellowshipMultipleTimes[241]" classname="com.giangvt.unittest.services.DataServiceTest" time="0"/>
  <testcase name="ensureThatWeCanRetrieveFellowshipMultipleTimes[242]" classname="com.giangvt.unittest.services.DataServiceTest" time="0"/>
  <testcase name="ensureThatWeCanRetrieveFellowshipMultipleTimes[243]" classname="com.giangvt.unittest.services.DataServiceTest" time="0"/>
  <testcase name="ensureThatWeCanRetrieveFellowshipMultipleTimes[244]" classname="com.giangvt.unittest.services.DataServiceTest" time="0"/>
  <testcase name="ensureThatWeCanRetrieveFellowshipMultipleTimes[245]" classname="com.giangvt.unittest.services.DataServiceTest" time="0"/>
  <testcase name="ensureThatWeCanRetrieveFellowshipMultipleTimes[246]" classname="com.giangvt.unittest.services.DataServiceTest" time="0"/>
  <testcase name="ensureThatWeCanRetrieveFellowshipMultipleTimes[247]" classname="com.giangvt.unittest.services.DataServiceTest" time="0"/>
  <testcase name="ensureThatWeCanRetrieveFellowshipMultipleTimes[248]" classname="com.giangvt.unittest.services.DataServiceTest" time="0"/>
  <testcase name="ensureThatWeCanRetrieveFellowshipMultipleTimes[249]" classname="com.giangvt.unittest.services.DataServiceTest" time="0"/>
  <testcase name="ensureThatWeCanRetrieveFellowshipMultipleTimes[250]" classname="com.giangvt.unittest.services.DataServiceTest" time="0"/>
  <testcase name="ensureThatWeCanRetrieveFellowshipMultipleTimes[251]" classname="com.giangvt.unittest.services.DataServiceTest" time="0"/>
  <testcase name="ensureThatWeCanRetrieveFellowshipMultipleTimes[252]" classname="com.giangvt.unittest.services.DataServiceTest" time="0"/>
  <testcase name="ensureThatWeCanRetrieveFellowshipMultipleTimes[253]" classname="com.giangvt.unittest.services.DataServiceTest" time="0"/>
  <testcase name="ensureThatWeCanRetrieveFellowshipMultipleTimes[254]" classname="com.giangvt.unittest.services.DataServiceTest" time="0"/>
  <testcase name="ensureThatWeCanRetrieveFellowshipMultipleTimes[255]" classname="com.giangvt.unittest.services.DataServiceTest" time="0.002"/>
  <testcase name="ensureThatWeCanRetrieveFellowshipMultipleTimes[256]" classname="com.giangvt.unittest.services.DataServiceTest" time="0"/>
  <testcase name="ensureThatWeCanRetrieveFellowshipMultipleTimes[257]" classname="com.giangvt.unittest.services.DataServiceTest" time="0"/>
  <testcase name="ensureThatWeCanRetrieveFellowshipMultipleTimes[258]" classname="com.giangvt.unittest.services.DataServiceTest" time="0.001"/>
  <testcase name="ensureThatWeCanRetrieveFellowshipMultipleTimes[259]" classname="com.giangvt.unittest.services.DataServiceTest" time="0"/>
  <testcase name="ensureThatWeCanRetrieveFellowshipMultipleTimes[260]" classname="com.giangvt.unittest.services.DataServiceTest" time="0"/>
  <testcase name="ensureThatWeCanRetrieveFellowshipMultipleTimes[261]" classname="com.giangvt.unittest.services.DataServiceTest" time="0"/>
  <testcase name="ensureThatWeCanRetrieveFellowshipMultipleTimes[262]" classname="com.giangvt.unittest.services.DataServiceTest" time="0"/>
  <testcase name="ensureThatWeCanRetrieveFellowshipMultipleTimes[263]" classname="com.giangvt.unittest.services.DataServiceTest" time="0"/>
  <testcase name="ensureThatWeCanRetrieveFellowshipMultipleTimes[264]" classname="com.giangvt.unittest.services.DataServiceTest" time="0"/>
  <testcase name="ensureThatWeCanRetrieveFellowshipMultipleTimes[265]" classname="com.giangvt.unittest.services.DataServiceTest" time="0.001"/>
  <testcase name="ensureThatWeCanRetrieveFellowshipMultipleTimes[266]" classname="com.giangvt.unittest.services.DataServiceTest" time="0"/>
  <testcase name="ensureThatWeCanRetrieveFellowshipMultipleTimes[267]" classname="com.giangvt.unittest.services.DataServiceTest" time="0"/>
  <testcase name="ensureThatWeCanRetrieveFellowshipMultipleTimes[268]" classname="com.giangvt.unittest.services.DataServiceTest" time="0"/>
  <testcase name="ensureThatWeCanRetrieveFellowshipMultipleTimes[269]" classname="com.giangvt.unittest.services.DataServiceTest" time="0"/>
  <testcase name="ensureThatWeCanRetrieveFellowshipMultipleTimes[270]" classname="com.giangvt.unittest.services.DataServiceTest" time="0.001"/>
  <testcase name="ensureThatWeCanRetrieveFellowshipMultipleTimes[271]" classname="com.giangvt.unittest.services.DataServiceTest" time="0"/>
  <testcase name="ensureThatWeCanRetrieveFellowshipMultipleTimes[272]" classname="com.giangvt.unittest.services.DataServiceTest" time="0.001"/>
  <testcase name="ensureThatWeCanRetrieveFellowshipMultipleTimes[273]" classname="com.giangvt.unittest.services.DataServiceTest" time="0"/>
  <testcase name="ensureThatWeCanRetrieveFellowshipMultipleTimes[274]" classname="com.giangvt.unittest.services.DataServiceTest" time="0.001"/>
  <testcase name="ensureThatWeCanRetrieveFellowshipMultipleTimes[275]" classname="com.giangvt.unittest.services.DataServiceTest" time="0.001"/>
  <testcase name="ensureThatWeCanRetrieveFellowshipMultipleTimes[276]" classname="com.giangvt.unittest.services.DataServiceTest" time="0"/>
  <testcase name="ensureThatWeCanRetrieveFellowshipMultipleTimes[277]" classname="com.giangvt.unittest.services.DataServiceTest" time="0"/>
  <testcase name="ensureThatWeCanRetrieveFellowshipMultipleTimes[278]" classname="com.giangvt.unittest.services.DataServiceTest" time="0"/>
  <testcase name="ensureThatWeCanRetrieveFellowshipMultipleTimes[279]" classname="com.giangvt.unittest.services.DataServiceTest" time="0"/>
  <testcase name="ensureThatWeCanRetrieveFellowshipMultipleTimes[280]" classname="com.giangvt.unittest.services.DataServiceTest" time="0"/>
  <testcase name="ensureThatWeCanRetrieveFellowshipMultipleTimes[281]" classname="com.giangvt.unittest.services.DataServiceTest" time="0"/>
  <testcase name="ensureThatWeCanRetrieveFellowshipMultipleTimes[282]" classname="com.giangvt.unittest.services.DataServiceTest" time="0"/>
  <testcase name="ensureThatWeCanRetrieveFellowshipMultipleTimes[283]" classname="com.giangvt.unittest.services.DataServiceTest" time="0"/>
  <testcase name="ensureThatWeCanRetrieveFellowshipMultipleTimes[284]" classname="com.giangvt.unittest.services.DataServiceTest" time="0.001"/>
  <testcase name="ensureThatWeCanRetrieveFellowshipMultipleTimes[285]" classname="com.giangvt.unittest.services.DataServiceTest" time="0"/>
  <testcase name="ensureThatWeCanRetrieveFellowshipMultipleTimes[286]" classname="com.giangvt.unittest.services.DataServiceTest" time="0"/>
  <testcase name="ensureThatWeCanRetrieveFellowshipMultipleTimes[287]" classname="com.giangvt.unittest.services.DataServiceTest" time="0"/>
  <testcase name="ensureThatWeCanRetrieveFellowshipMultipleTimes[288]" classname="com.giangvt.unittest.services.DataServiceTest" time="0.001"/>
  <testcase name="ensureThatWeCanRetrieveFellowshipMultipleTimes[289]" classname="com.giangvt.unittest.services.DataServiceTest" time="0"/>
  <testcase name="ensureThatWeCanRetrieveFellowshipMultipleTimes[290]" classname="com.giangvt.unittest.services.DataServiceTest" time="0"/>
  <testcase name="ensureThatWeCanRetrieveFellowshipMultipleTimes[291]" classname="com.giangvt.unittest.services.DataServiceTest" time="0"/>
  <testcase name="ensureThatWeCanRetrieveFellowshipMultipleTimes[292]" classname="com.giangvt.unittest.services.DataServiceTest" time="0"/>
  <testcase name="ensureThatWeCanRetrieveFellowshipMultipleTimes[293]" classname="com.giangvt.unittest.services.DataServiceTest" time="0"/>
  <testcase name="ensureThatWeCanRetrieveFellowshipMultipleTimes[294]" classname="com.giangvt.unittest.services.DataServiceTest" time="0"/>
  <testcase name="ensureThatWeCanRetrieveFellowshipMultipleTimes[295]" classname="com.giangvt.unittest.services.DataServiceTest" time="0"/>
  <testcase name="ensureThatWeCanRetrieveFellowshipMultipleTimes[296]" classname="com.giangvt.unittest.services.DataServiceTest" time="0"/>
  <testcase name="ensureThatWeCanRetrieveFellowshipMultipleTimes[297]" classname="com.giangvt.unittest.services.DataServiceTest" time="0"/>
  <testcase name="ensureThatWeCanRetrieveFellowshipMultipleTimes[298]" classname="com.giangvt.unittest.services.DataServiceTest" time="0"/>
  <testcase name="ensureThatWeCanRetrieveFellowshipMultipleTimes[299]" classname="com.giangvt.unittest.services.DataServiceTest" time="0"/>
  <testcase name="ensureThatWeCanRetrieveFellowshipMultipleTimes[300]" classname="com.giangvt.unittest.services.DataServiceTest" time="0"/>
  <testcase name="ensureThatWeCanRetrieveFellowshipMultipleTimes[301]" classname="com.giangvt.unittest.services.DataServiceTest" time="0"/>
  <testcase name="ensureThatWeCanRetrieveFellowshipMultipleTimes[302]" classname="com.giangvt.unittest.services.DataServiceTest" time="0"/>
  <testcase name="ensureThatWeCanRetrieveFellowshipMultipleTimes[303]" classname="com.giangvt.unittest.services.DataServiceTest" time="0"/>
  <testcase name="ensureThatWeCanRetrieveFellowshipMultipleTimes[304]" classname="com.giangvt.unittest.services.DataServiceTest" time="0.001"/>
  <testcase name="ensureThatWeCanRetrieveFellowshipMultipleTimes[305]" classname="com.giangvt.unittest.services.DataServiceTest" time="0"/>
  <testcase name="ensureThatWeCanRetrieveFellowshipMultipleTimes[306]" classname="com.giangvt.unittest.services.DataServiceTest" time="0"/>
  <testcase name="ensureThatWeCanRetrieveFellowshipMultipleTimes[307]" classname="com.giangvt.unittest.services.DataServiceTest" time="0"/>
  <testcase name="ensureThatWeCanRetrieveFellowshipMultipleTimes[308]" classname="com.giangvt.unittest.services.DataServiceTest" time="0"/>
  <testcase name="ensureThatWeCanRetrieveFellowshipMultipleTimes[309]" classname="com.giangvt.unittest.services.DataServiceTest" time="0"/>
  <testcase name="ensureThatWeCanRetrieveFellowshipMultipleTimes[310]" classname="com.giangvt.unittest.services.DataServiceTest" time="0"/>
  <testcase name="ensureThatWeCanRetrieveFellowshipMultipleTimes[311]" classname="com.giangvt.unittest.services.DataServiceTest" time="0"/>
  <testcase name="ensureThatWeCanRetrieveFellowshipMultipleTimes[312]" classname="com.giangvt.unittest.services.DataServiceTest" time="0"/>
  <testcase name="ensureThatWeCanRetrieveFellowshipMultipleTimes[313]" classname="com.giangvt.unittest.services.DataServiceTest" time="0"/>
  <testcase name="ensureThatWeCanRetrieveFellowshipMultipleTimes[314]" classname="com.giangvt.unittest.services.DataServiceTest" time="0"/>
  <testcase name="ensureThatWeCanRetrieveFellowshipMultipleTimes[315]" classname="com.giangvt.unittest.services.DataServiceTest" time="0"/>
  <testcase name="ensureThatWeCanRetrieveFellowshipMultipleTimes[316]" classname="com.giangvt.unittest.services.DataServiceTest" time="0"/>
  <testcase name="ensureThatWeCanRetrieveFellowshipMultipleTimes[317]" classname="com.giangvt.unittest.services.DataServiceTest" time="0"/>
  <testcase name="ensureThatWeCanRetrieveFellowshipMultipleTimes[318]" classname="com.giangvt.unittest.services.DataServiceTest" time="0"/>
  <testcase name="ensureThatWeCanRetrieveFellowshipMultipleTimes[319]" classname="com.giangvt.unittest.services.DataServiceTest" time="0.001"/>
  <testcase name="ensureThatWeCanRetrieveFellowshipMultipleTimes[320]" classname="com.giangvt.unittest.services.DataServiceTest" time="0"/>
  <testcase name="ensureThatWeCanRetrieveFellowshipMultipleTimes[321]" classname="com.giangvt.unittest.services.DataServiceTest" time="0"/>
  <testcase name="ensureThatWeCanRetrieveFellowshipMultipleTimes[322]" classname="com.giangvt.unittest.services.DataServiceTest" time="0"/>
  <testcase name="ensureThatWeCanRetrieveFellowshipMultipleTimes[323]" classname="com.giangvt.unittest.services.DataServiceTest" time="0"/>
  <testcase name="ensureThatWeCanRetrieveFellowshipMultipleTimes[324]" classname="com.giangvt.unittest.services.DataServiceTest" time="0"/>
  <testcase name="ensureThatWeCanRetrieveFellowshipMultipleTimes[325]" classname="com.giangvt.unittest.services.DataServiceTest" time="0"/>
  <testcase name="ensureThatWeCanRetrieveFellowshipMultipleTimes[326]" classname="com.giangvt.unittest.services.DataServiceTest" time="0"/>
  <testcase name="ensureThatWeCanRetrieveFellowshipMultipleTimes[327]" classname="com.giangvt.unittest.services.DataServiceTest" time="0"/>
  <testcase name="ensureThatWeCanRetrieveFellowshipMultipleTimes[328]" classname="com.giangvt.unittest.services.DataServiceTest" time="0"/>
  <testcase name="ensureThatWeCanRetrieveFellowshipMultipleTimes[329]" classname="com.giangvt.unittest.services.DataServiceTest" time="0"/>
  <testcase name="ensureThatWeCanRetrieveFellowshipMultipleTimes[330]" classname="com.giangvt.unittest.services.DataServiceTest" time="0"/>
  <testcase name="ensureThatWeCanRetrieveFellowshipMultipleTimes[331]" classname="com.giangvt.unittest.services.DataServiceTest" time="0"/>
  <testcase name="ensureThatWeCanRetrieveFellowshipMultipleTimes[332]" classname="com.giangvt.unittest.services.DataServiceTest" time="0"/>
  <testcase name="ensureThatWeCanRetrieveFellowshipMultipleTimes[333]" classname="com.giangvt.unittest.services.DataServiceTest" time="0"/>
  <testcase name="ensureThatWeCanRetrieveFellowshipMultipleTimes[334]" classname="com.giangvt.unittest.services.DataServiceTest" time="0"/>
  <testcase name="ensureThatWeCanRetrieveFellowshipMultipleTimes[335]" classname="com.giangvt.unittest.services.DataServiceTest" time="0"/>
  <testcase name="ensureThatWeCanRetrieveFellowshipMultipleTimes[336]" classname="com.giangvt.unittest.services.DataServiceTest" time="0"/>
  <testcase name="ensureThatWeCanRetrieveFellowshipMultipleTimes[337]" classname="com.giangvt.unittest.services.DataServiceTest" time="0"/>
  <testcase name="ensureThatWeCanRetrieveFellowshipMultipleTimes[338]" classname="com.giangvt.unittest.services.DataServiceTest" time="0"/>
  <testcase name="ensureThatWeCanRetrieveFellowshipMultipleTimes[339]" classname="com.giangvt.unittest.services.DataServiceTest" time="0.001"/>
  <testcase name="ensureThatWeCanRetrieveFellowshipMultipleTimes[340]" classname="com.giangvt.unittest.services.DataServiceTest" time="0"/>
  <testcase name="ensureThatWeCanRetrieveFellowshipMultipleTimes[341]" classname="com.giangvt.unittest.services.DataServiceTest" time="0"/>
  <testcase name="ensureThatWeCanRetrieveFellowshipMultipleTimes[342]" classname="com.giangvt.unittest.services.DataServiceTest" time="0"/>
  <testcase name="ensureThatWeCanRetrieveFellowshipMultipleTimes[343]" classname="com.giangvt.unittest.services.DataServiceTest" time="0"/>
  <testcase name="ensureThatWeCanRetrieveFellowshipMultipleTimes[344]" classname="com.giangvt.unittest.services.DataServiceTest" time="0"/>
  <testcase name="ensureThatWeCanRetrieveFellowshipMultipleTimes[345]" classname="com.giangvt.unittest.services.DataServiceTest" time="0.001"/>
  <testcase name="ensureThatWeCanRetrieveFellowshipMultipleTimes[346]" classname="com.giangvt.unittest.services.DataServiceTest" time="0"/>
  <testcase name="ensureThatWeCanRetrieveFellowshipMultipleTimes[347]" classname="com.giangvt.unittest.services.DataServiceTest" time="0.001"/>
  <testcase name="ensureThatWeCanRetrieveFellowshipMultipleTimes[348]" classname="com.giangvt.unittest.services.DataServiceTest" time="0"/>
  <testcase name="ensureThatWeCanRetrieveFellowshipMultipleTimes[349]" classname="com.giangvt.unittest.services.DataServiceTest" time="0"/>
  <testcase name="ensureThatWeCanRetrieveFellowshipMultipleTimes[350]" classname="com.giangvt.unittest.services.DataServiceTest" time="0.005"/>
  <testcase name="ensureThatWeCanRetrieveFellowshipMultipleTimes[351]" classname="com.giangvt.unittest.services.DataServiceTest" time="0.001"/>
  <testcase name="ensureThatWeCanRetrieveFellowshipMultipleTimes[352]" classname="com.giangvt.unittest.services.DataServiceTest" time="0"/>
  <testcase name="ensureThatWeCanRetrieveFellowshipMultipleTimes[353]" classname="com.giangvt.unittest.services.DataServiceTest" time="0"/>
  <testcase name="ensureThatWeCanRetrieveFellowshipMultipleTimes[354]" classname="com.giangvt.unittest.services.DataServiceTest" time="0.001"/>
  <testcase name="ensureThatWeCanRetrieveFellowshipMultipleTimes[355]" classname="com.giangvt.unittest.services.DataServiceTest" time="0"/>
  <testcase name="ensureThatWeCanRetrieveFellowshipMultipleTimes[356]" classname="com.giangvt.unittest.services.DataServiceTest" time="0"/>
  <testcase name="ensureThatWeCanRetrieveFellowshipMultipleTimes[357]" classname="com.giangvt.unittest.services.DataServiceTest" time="0.001"/>
  <testcase name="ensureThatWeCanRetrieveFellowshipMultipleTimes[358]" classname="com.giangvt.unittest.services.DataServiceTest" time="0"/>
  <testcase name="ensureThatWeCanRetrieveFellowshipMultipleTimes[359]" classname="com.giangvt.unittest.services.DataServiceTest" time="0"/>
  <testcase name="ensureThatWeCanRetrieveFellowshipMultipleTimes[360]" classname="com.giangvt.unittest.services.DataServiceTest" time="0"/>
  <testcase name="ensureThatWeCanRetrieveFellowshipMultipleTimes[361]" classname="com.giangvt.unittest.services.DataServiceTest" time="0"/>
  <testcase name="ensureThatWeCanRetrieveFellowshipMultipleTimes[362]" classname="com.giangvt.unittest.services.DataServiceTest" time="0"/>
  <testcase name="ensureThatWeCanRetrieveFellowshipMultipleTimes[363]" classname="com.giangvt.unittest.services.DataServiceTest" time="0"/>
  <testcase name="ensureThatWeCanRetrieveFellowshipMultipleTimes[364]" classname="com.giangvt.unittest.services.DataServiceTest" time="0"/>
  <testcase name="ensureThatWeCanRetrieveFellowshipMultipleTimes[365]" classname="com.giangvt.unittest.services.DataServiceTest" time="0.001"/>
  <testcase name="ensureThatWeCanRetrieveFellowshipMultipleTimes[366]" classname="com.giangvt.unittest.services.DataServiceTest" time="0"/>
  <testcase name="ensureThatWeCanRetrieveFellowshipMultipleTimes[367]" classname="com.giangvt.unittest.services.DataServiceTest" time="0"/>
  <testcase name="ensureThatWeCanRetrieveFellowshipMultipleTimes[368]" classname="com.giangvt.unittest.services.DataServiceTest" time="0"/>
  <testcase name="ensureThatWeCanRetrieveFellowshipMultipleTimes[369]" classname="com.giangvt.unittest.services.DataServiceTest" time="0"/>
  <testcase name="ensureThatWeCanRetrieveFellowshipMultipleTimes[370]" classname="com.giangvt.unittest.services.DataServiceTest" time="0"/>
  <testcase name="ensureThatWeCanRetrieveFellowshipMultipleTimes[371]" classname="com.giangvt.unittest.services.DataServiceTest" time="0"/>
  <testcase name="ensureThatWeCanRetrieveFellowshipMultipleTimes[372]" classname="com.giangvt.unittest.services.DataServiceTest" time="0"/>
  <testcase name="ensureThatWeCanRetrieveFellowshipMultipleTimes[373]" classname="com.giangvt.unittest.services.DataServiceTest" time="0"/>
  <testcase name="ensureThatWeCanRetrieveFellowshipMultipleTimes[374]" classname="com.giangvt.unittest.services.DataServiceTest" time="0.002"/>
  <testcase name="ensureThatWeCanRetrieveFellowshipMultipleTimes[375]" classname="com.giangvt.unittest.services.DataServiceTest" time="0.003"/>
  <testcase name="ensureThatWeCanRetrieveFellowshipMultipleTimes[376]" classname="com.giangvt.unittest.services.DataServiceTest" time="0"/>
  <testcase name="ensureThatWeCanRetrieveFellowshipMultipleTimes[377]" classname="com.giangvt.unittest.services.DataServiceTest" time="0"/>
  <testcase name="ensureThatWeCanRetrieveFellowshipMultipleTimes[378]" classname="com.giangvt.unittest.services.DataServiceTest" time="0"/>
  <testcase name="ensureThatWeCanRetrieveFellowshipMultipleTimes[379]" classname="com.giangvt.unittest.services.DataServiceTest" time="0"/>
  <testcase name="ensureThatWeCanRetrieveFellowshipMultipleTimes[380]" classname="com.giangvt.unittest.services.DataServiceTest" time="0"/>
  <testcase name="ensureThatWeCanRetrieveFellowshipMultipleTimes[381]" classname="com.giangvt.unittest.services.DataServiceTest" time="0"/>
  <testcase name="ensureThatWeCanRetrieveFellowshipMultipleTimes[382]" classname="com.giangvt.unittest.services.DataServiceTest" time="0"/>
  <testcase name="ensureThatWeCanRetrieveFellowshipMultipleTimes[383]" classname="com.giangvt.unittest.services.DataServiceTest" time="0"/>
  <testcase name="ensureThatWeCanRetrieveFellowshipMultipleTimes[384]" classname="com.giangvt.unittest.services.DataServiceTest" time="0"/>
  <testcase name="ensureThatWeCanRetrieveFellowshipMultipleTimes[385]" classname="com.giangvt.unittest.services.DataServiceTest" time="0"/>
  <testcase name="ensureThatWeCanRetrieveFellowshipMultipleTimes[386]" classname="com.giangvt.unittest.services.DataServiceTest" time="0"/>
  <testcase name="ensureThatWeCanRetrieveFellowshipMultipleTimes[387]" classname="com.giangvt.unittest.services.DataServiceTest" time="0"/>
  <testcase name="ensureThatWeCanRetrieveFellowshipMultipleTimes[388]" classname="com.giangvt.unittest.services.DataServiceTest" time="0"/>
  <testcase name="ensureThatWeCanRetrieveFellowshipMultipleTimes[389]" classname="com.giangvt.unittest.services.DataServiceTest" time="0"/>
  <testcase name="ensureThatWeCanRetrieveFellowshipMultipleTimes[390]" classname="com.giangvt.unittest.services.DataServiceTest" time="0"/>
  <testcase name="ensureThatWeCanRetrieveFellowshipMultipleTimes[391]" classname="com.giangvt.unittest.services.DataServiceTest" time="0.001"/>
  <testcase name="ensureThatWeCanRetrieveFellowshipMultipleTimes[392]" classname="com.giangvt.unittest.services.DataServiceTest" time="0"/>
  <testcase name="ensureThatWeCanRetrieveFellowshipMultipleTimes[393]" classname="com.giangvt.unittest.services.DataServiceTest" time="0"/>
  <testcase name="ensureThatWeCanRetrieveFellowshipMultipleTimes[394]" classname="com.giangvt.unittest.services.DataServiceTest" time="0"/>
  <testcase name="ensureThatWeCanRetrieveFellowshipMultipleTimes[395]" classname="com.giangvt.unittest.services.DataServiceTest" time="0"/>
  <testcase name="ensureThatWeCanRetrieveFellowshipMultipleTimes[396]" classname="com.giangvt.unittest.services.DataServiceTest" time="0"/>
  <testcase name="ensureThatWeCanRetrieveFellowshipMultipleTimes[397]" classname="com.giangvt.unittest.services.DataServiceTest" time="0"/>
  <testcase name="ensureThatWeCanRetrieveFellowshipMultipleTimes[398]" classname="com.giangvt.unittest.services.DataServiceTest" time="0"/>
  <testcase name="ensureThatWeCanRetrieveFellowshipMultipleTimes[399]" classname="com.giangvt.unittest.services.DataServiceTest" time="0"/>
  <testcase name="ensureThatWeCanRetrieveFellowshipMultipleTimes[400]" classname="com.giangvt.unittest.services.DataServiceTest" time="0"/>
  <testcase name="ensureThatWeCanRetrieveFellowshipMultipleTimes[401]" classname="com.giangvt.unittest.services.DataServiceTest" time="0.001"/>
  <testcase name="ensureThatWeCanRetrieveFellowshipMultipleTimes[402]" classname="com.giangvt.unittest.services.DataServiceTest" time="0"/>
  <testcase name="ensureThatWeCanRetrieveFellowshipMultipleTimes[403]" classname="com.giangvt.unittest.services.DataServiceTest" time="0.001"/>
  <testcase name="ensureThatWeCanRetrieveFellowshipMultipleTimes[404]" classname="com.giangvt.unittest.services.DataServiceTest" time="0"/>
  <testcase name="ensureThatWeCanRetrieveFellowshipMultipleTimes[405]" classname="com.giangvt.unittest.services.DataServiceTest" time="0"/>
  <testcase name="ensureThatWeCanRetrieveFellowshipMultipleTimes[406]" classname="com.giangvt.unittest.services.DataServiceTest" time="0"/>
  <testcase name="ensureThatWeCanRetrieveFellowshipMultipleTimes[407]" classname="com.giangvt.unittest.services.DataServiceTest" time="0"/>
  <testcase name="ensureThatWeCanRetrieveFellowshipMultipleTimes[408]" classname="com.giangvt.unittest.services.DataServiceTest" time="0.001"/>
  <testcase name="ensureThatWeCanRetrieveFellowshipMultipleTimes[409]" classname="com.giangvt.unittest.services.DataServiceTest" time="0"/>
  <testcase name="ensureThatWeCanRetrieveFellowshipMultipleTimes[410]" classname="com.giangvt.unittest.services.DataServiceTest" time="0"/>
  <testcase name="ensureThatWeCanRetrieveFellowshipMultipleTimes[411]" classname="com.giangvt.unittest.services.DataServiceTest" time="0"/>
  <testcase name="ensureThatWeCanRetrieveFellowshipMultipleTimes[412]" classname="com.giangvt.unittest.services.DataServiceTest" time="0.001"/>
  <testcase name="ensureThatWeCanRetrieveFellowshipMultipleTimes[413]" classname="com.giangvt.unittest.services.DataServiceTest" time="0"/>
  <testcase name="ensureThatWeCanRetrieveFellowshipMultipleTimes[414]" classname="com.giangvt.unittest.services.DataServiceTest" time="0"/>
  <testcase name="ensureThatWeCanRetrieveFellowshipMultipleTimes[415]" classname="com.giangvt.unittest.services.DataServiceTest" time="0"/>
  <testcase name="ensureThatWeCanRetrieveFellowshipMultipleTimes[416]" classname="com.giangvt.unittest.services.DataServiceTest" time="0"/>
  <testcase name="ensureThatWeCanRetrieveFellowshipMultipleTimes[417]" classname="com.giangvt.unittest.services.DataServiceTest" time="0.001"/>
  <testcase name="ensureThatWeCanRetrieveFellowshipMultipleTimes[418]" classname="com.giangvt.unittest.services.DataServiceTest" time="0"/>
  <testcase name="ensureThatWeCanRetrieveFellowshipMultipleTimes[419]" classname="com.giangvt.unittest.services.DataServiceTest" time="0"/>
  <testcase name="ensureThatWeCanRetrieveFellowshipMultipleTimes[420]" classname="com.giangvt.unittest.services.DataServiceTest" time="0"/>
  <testcase name="ensureThatWeCanRetrieveFellowshipMultipleTimes[421]" classname="com.giangvt.unittest.services.DataServiceTest" time="0"/>
  <testcase name="ensureThatWeCanRetrieveFellowshipMultipleTimes[422]" classname="com.giangvt.unittest.services.DataServiceTest" time="0.001"/>
  <testcase name="ensureThatWeCanRetrieveFellowshipMultipleTimes[423]" classname="com.giangvt.unittest.services.DataServiceTest" time="0"/>
  <testcase name="ensureThatWeCanRetrieveFellowshipMultipleTimes[424]" classname="com.giangvt.unittest.services.DataServiceTest" time="0"/>
  <testcase name="ensureThatWeCanRetrieveFellowshipMultipleTimes[425]" classname="com.giangvt.unittest.services.DataServiceTest" time="0"/>
  <testcase name="ensureThatWeCanRetrieveFellowshipMultipleTimes[426]" classname="com.giangvt.unittest.services.DataServiceTest" time="0"/>
  <testcase name="ensureThatWeCanRetrieveFellowshipMultipleTimes[427]" classname="com.giangvt.unittest.services.DataServiceTest" time="0.001"/>
  <testcase name="ensureThatWeCanRetrieveFellowshipMultipleTimes[428]" classname="com.giangvt.unittest.services.DataServiceTest" time="0"/>
  <testcase name="ensureThatWeCanRetrieveFellowshipMultipleTimes[429]" classname="com.giangvt.unittest.services.DataServiceTest" time="0"/>
  <testcase name="ensureThatWeCanRetrieveFellowshipMultipleTimes[430]" classname="com.giangvt.unittest.services.DataServiceTest" time="0"/>
  <testcase name="ensureThatWeCanRetrieveFellowshipMultipleTimes[431]" classname="com.giangvt.unittest.services.DataServiceTest" time="0"/>
  <testcase name="ensureThatWeCanRetrieveFellowshipMultipleTimes[432]" classname="com.giangvt.unittest.services.DataServiceTest" time="0.001"/>
  <testcase name="ensureThatWeCanRetrieveFellowshipMultipleTimes[433]" classname="com.giangvt.unittest.services.DataServiceTest" time="0"/>
  <testcase name="ensureThatWeCanRetrieveFellowshipMultipleTimes[434]" classname="com.giangvt.unittest.services.DataServiceTest" time="0"/>
  <testcase name="ensureThatWeCanRetrieveFellowshipMultipleTimes[435]" classname="com.giangvt.unittest.services.DataServiceTest" time="0"/>
  <testcase name="ensureThatWeCanRetrieveFellowshipMultipleTimes[436]" classname="com.giangvt.unittest.services.DataServiceTest" time="0"/>
  <testcase name="ensureThatWeCanRetrieveFellowshipMultipleTimes[437]" classname="com.giangvt.unittest.services.DataServiceTest" time="0"/>
  <testcase name="ensureThatWeCanRetrieveFellowshipMultipleTimes[438]" classname="com.giangvt.unittest.services.DataServiceTest" time="0"/>
  <testcase name="ensureThatWeCanRetrieveFellowshipMultipleTimes[439]" classname="com.giangvt.unittest.services.DataServiceTest" time="0"/>
  <testcase name="ensureThatWeCanRetrieveFellowshipMultipleTimes[440]" classname="com.giangvt.unittest.services.DataServiceTest" time="0"/>
  <testcase name="ensureThatWeCanRetrieveFellowshipMultipleTimes[441]" classname="com.giangvt.unittest.services.DataServiceTest" time="0"/>
  <testcase name="ensureThatWeCanRetrieveFellowshipMultipleTimes[442]" classname="com.giangvt.unittest.services.DataServiceTest" time="0.001"/>
  <testcase name="ensureThatWeCanRetrieveFellowshipMultipleTimes[443]" classname="com.giangvt.unittest.services.DataServiceTest" time="0"/>
  <testcase name="ensureThatWeCanRetrieveFellowshipMultipleTimes[444]" classname="com.giangvt.unittest.services.DataServiceTest" time="0"/>
  <testcase name="ensureThatWeCanRetrieveFellowshipMultipleTimes[445]" classname="com.giangvt.unittest.services.DataServiceTest" time="0"/>
  <testcase name="ensureThatWeCanRetrieveFellowshipMultipleTimes[446]" classname="com.giangvt.unittest.services.DataServiceTest" time="0"/>
  <testcase name="ensureThatWeCanRetrieveFellowshipMultipleTimes[447]" classname="com.giangvt.unittest.services.DataServiceTest" time="0.001"/>
  <testcase name="ensureThatWeCanRetrieveFellowshipMultipleTimes[448]" classname="com.giangvt.unittest.services.DataServiceTest" time="0"/>
  <testcase name="ensureThatWeCanRetrieveFellowshipMultipleTimes[449]" classname="com.giangvt.unittest.services.DataServiceTest" time="0"/>
  <testcase name="ensureThatWeCanRetrieveFellowshipMultipleTimes[450]" classname="com.giangvt.unittest.services.DataServiceTest" time="0"/>
  <testcase name="ensureThatWeCanRetrieveFellowshipMultipleTimes[451]" classname="com.giangvt.unittest.services.DataServiceTest" time="0"/>
  <testcase name="ensureThatWeCanRetrieveFellowshipMultipleTimes[452]" classname="com.giangvt.unittest.services.DataServiceTest" time="0.001"/>
  <testcase name="ensureThatWeCanRetrieveFellowshipMultipleTimes[453]" classname="com.giangvt.unittest.services.DataServiceTest" time="0"/>
  <testcase name="ensureThatWeCanRetrieveFellowshipMultipleTimes[454]" classname="com.giangvt.unittest.services.DataServiceTest" time="0"/>
  <testcase name="ensureThatWeCanRetrieveFellowshipMultipleTimes[455]" classname="com.giangvt.unittest.services.DataServiceTest" time="0"/>
  <testcase name="ensureThatWeCanRetrieveFellowshipMultipleTimes[456]" classname="com.giangvt.unittest.services.DataServiceTest" time="0.001"/>
  <testcase name="ensureThatWeCanRetrieveFellowshipMultipleTimes[457]" classname="com.giangvt.unittest.services.DataServiceTest" time="0"/>
  <testcase name="ensureThatWeCanRetrieveFellowshipMultipleTimes[458]" classname="com.giangvt.unittest.services.DataServiceTest" time="0"/>
  <testcase name="ensureThatWeCanRetrieveFellowshipMultipleTimes[459]" classname="com.giangvt.unittest.services.DataServiceTest" time="0"/>
  <testcase name="ensureThatWeCanRetrieveFellowshipMultipleTimes[460]" classname="com.giangvt.unittest.services.DataServiceTest" time="0"/>
  <testcase name="ensureThatWeCanRetrieveFellowshipMultipleTimes[461]" classname="com.giangvt.unittest.services.DataServiceTest" time="0.001"/>
  <testcase name="ensureThatWeCanRetrieveFellowshipMultipleTimes[462]" classname="com.giangvt.unittest.services.DataServiceTest" time="0"/>
  <testcase name="ensureThatWeCanRetrieveFellowshipMultipleTimes[463]" classname="com.giangvt.unittest.services.DataServiceTest" time="0"/>
  <testcase name="ensureThatWeCanRetrieveFellowshipMultipleTimes[464]" classname="com.giangvt.unittest.services.DataServiceTest" time="0"/>
  <testcase name="ensureThatWeCanRetrieveFellowshipMultipleTimes[465]" classname="com.giangvt.unittest.services.DataServiceTest" time="0"/>
  <testcase name="ensureThatWeCanRetrieveFellowshipMultipleTimes[466]" classname="com.giangvt.unittest.services.DataServiceTest" time="0.001"/>
  <testcase name="ensureThatWeCanRetrieveFellowshipMultipleTimes[467]" classname="com.giangvt.unittest.services.DataServiceTest" time="0"/>
  <testcase name="ensureThatWeCanRetrieveFellowshipMultipleTimes[468]" classname="com.giangvt.unittest.services.DataServiceTest" time="0"/>
  <testcase name="ensureThatWeCanRetrieveFellowshipMultipleTimes[469]" classname="com.giangvt.unittest.services.DataServiceTest" time="0"/>
  <testcase name="ensureThatWeCanRetrieveFellowshipMultipleTimes[470]" classname="com.giangvt.unittest.services.DataServiceTest" time="0"/>
  <testcase name="ensureThatWeCanRetrieveFellowshipMultipleTimes[471]" classname="com.giangvt.unittest.services.DataServiceTest" time="0.001"/>
  <testcase name="ensureThatWeCanRetrieveFellowshipMultipleTimes[472]" classname="com.giangvt.unittest.services.DataServiceTest" time="0"/>
  <testcase name="ensureThatWeCanRetrieveFellowshipMultipleTimes[473]" classname="com.giangvt.unittest.services.DataServiceTest" time="0"/>
  <testcase name="ensureThatWeCanRetrieveFellowshipMultipleTimes[474]" classname="com.giangvt.unittest.services.DataServiceTest" time="0"/>
  <testcase name="ensureThatWeCanRetrieveFellowshipMultipleTimes[475]" classname="com.giangvt.unittest.services.DataServiceTest" time="0"/>
  <testcase name="ensureThatWeCanRetrieveFellowshipMultipleTimes[476]" classname="com.giangvt.unittest.services.DataServiceTest" time="0"/>
  <testcase name="ensureThatWeCanRetrieveFellowshipMultipleTimes[477]" classname="com.giangvt.unittest.services.DataServiceTest" time="0"/>
  <testcase name="ensureThatWeCanRetrieveFellowshipMultipleTimes[478]" classname="com.giangvt.unittest.services.DataServiceTest" time="0"/>
  <testcase name="ensureThatWeCanRetrieveFellowshipMultipleTimes[479]" classname="com.giangvt.unittest.services.DataServiceTest" time="0"/>
  <testcase name="ensureThatWeCanRetrieveFellowshipMultipleTimes[480]" classname="com.giangvt.unittest.services.DataServiceTest" time="0"/>
  <testcase name="ensureThatWeCanRetrieveFellowshipMultipleTimes[481]" classname="com.giangvt.unittest.services.DataServiceTest" time="0.001"/>
  <testcase name="ensureThatWeCanRetrieveFellowshipMultipleTimes[482]" classname="com.giangvt.unittest.services.DataServiceTest" time="0"/>
  <testcase name="ensureThatWeCanRetrieveFellowshipMultipleTimes[483]" classname="com.giangvt.unittest.services.DataServiceTest" time="0.001"/>
  <testcase name="ensureThatWeCanRetrieveFellowshipMultipleTimes[484]" classname="com.giangvt.unittest.services.DataServiceTest" time="0"/>
  <testcase name="ensureThatWeCanRetrieveFellowshipMultipleTimes[485]" classname="com.giangvt.unittest.services.DataServiceTest" time="0"/>
  <testcase name="ensureThatWeCanRetrieveFellowshipMultipleTimes[486]" classname="com.giangvt.unittest.services.DataServiceTest" time="0"/>
  <testcase name="ensureThatWeCanRetrieveFellowshipMultipleTimes[487]" classname="com.giangvt.unittest.services.DataServiceTest" time="0"/>
  <testcase name="ensureThatWeCanRetrieveFellowshipMultipleTimes[488]" classname="com.giangvt.unittest.services.DataServiceTest" time="0.001"/>
  <testcase name="ensureThatWeCanRetrieveFellowshipMultipleTimes[489]" classname="com.giangvt.unittest.services.DataServiceTest" time="0"/>
  <testcase name="ensureThatWeCanRetrieveFellowshipMultipleTimes[490]" classname="com.giangvt.unittest.services.DataServiceTest" time="0"/>
  <testcase name="ensureThatWeCanRetrieveFellowshipMultipleTimes[491]" classname="com.giangvt.unittest.services.DataServiceTest" time="0"/>
  <testcase name="ensureThatWeCanRetrieveFellowshipMultipleTimes[492]" classname="com.giangvt.unittest.services.DataServiceTest" time="0.001"/>
  <testcase name="ensureThatWeCanRetrieveFellowshipMultipleTimes[493]" classname="com.giangvt.unittest.services.DataServiceTest" time="0"/>
  <testcase name="ensureThatWeCanRetrieveFellowshipMultipleTimes[494]" classname="com.giangvt.unittest.services.DataServiceTest" time="0.001"/>
  <testcase name="ensureThatWeCanRetrieveFellowshipMultipleTimes[495]" classname="com.giangvt.unittest.services.DataServiceTest" time="0"/>
  <testcase name="ensureThatWeCanRetrieveFellowshipMultipleTimes[496]" classname="com.giangvt.unittest.services.DataServiceTest" time="0.001"/>
  <testcase name="ensureThatWeCanRetrieveFellowshipMultipleTimes[497]" classname="com.giangvt.unittest.services.DataServiceTest" time="0"/>
  <testcase name="ensureThatWeCanRetrieveFellowshipMultipleTimes[498]" classname="com.giangvt.unittest.services.DataServiceTest" time="0"/>
  <testcase name="ensureThatWeCanRetrieveFellowshipMultipleTimes[499]" classname="com.giangvt.unittest.services.DataServiceTest" time="0"/>
  <testcase name="ensureThatWeCanRetrieveFellowshipMultipleTimes[500]" classname="com.giangvt.unittest.services.DataServiceTest" time="0"/>
  <testcase name="ensureThatWeCanRetrieveFellowshipMultipleTimes[501]" classname="com.giangvt.unittest.services.DataServiceTest" time="0"/>
  <testcase name="ensureThatWeCanRetrieveFellowshipMultipleTimes[502]" classname="com.giangvt.unittest.services.DataServiceTest" time="0"/>
  <testcase name="ensureThatWeCanRetrieveFellowshipMultipleTimes[503]" classname="com.giangvt.unittest.services.DataServiceTest" time="0.001"/>
  <testcase name="ensureThatWeCanRetrieveFellowshipMultipleTimes[504]" classname="com.giangvt.unittest.services.DataServiceTest" time="0"/>
  <testcase name="ensureThatWeCanRetrieveFellowshipMultipleTimes[505]" classname="com.giangvt.unittest.services.DataServiceTest" time="0.001"/>
  <testcase name="ensureThatWeCanRetrieveFellowshipMultipleTimes[506]" classname="com.giangvt.unittest.services.DataServiceTest" time="0"/>
  <testcase name="ensureThatWeCanRetrieveFellowshipMultipleTimes[507]" classname="com.giangvt.unittest.services.DataServiceTest" time="0.001"/>
  <testcase name="ensureThatWeCanRetrieveFellowshipMultipleTimes[508]" classname="com.giangvt.unittest.services.DataServiceTest" time="0"/>
  <testcase name="ensureThatWeCanRetrieveFellowshipMultipleTimes[509]" classname="com.giangvt.unittest.services.DataServiceTest" time="0"/>
  <testcase name="ensureThatWeCanRetrieveFellowshipMultipleTimes[510]" classname="com.giangvt.unittest.services.DataServiceTest" time="0"/>
  <testcase name="ensureThatWeCanRetrieveFellowshipMultipleTimes[511]" classname="com.giangvt.unittest.services.DataServiceTest" time="0.001"/>
  <testcase name="ensureThatWeCanRetrieveFellowshipMultipleTimes[512]" classname="com.giangvt.unittest.services.DataServiceTest" time="0"/>
  <testcase name="ensureThatWeCanRetrieveFellowshipMultipleTimes[513]" classname="com.giangvt.unittest.services.DataServiceTest" time="0"/>
  <testcase name="ensureThatWeCanRetrieveFellowshipMultipleTimes[514]" classname="com.giangvt.unittest.services.DataServiceTest" time="0"/>
  <testcase name="ensureThatWeCanRetrieveFellowshipMultipleTimes[515]" classname="com.giangvt.unittest.services.DataServiceTest" time="0.001"/>
  <testcase name="ensureThatWeCanRetrieveFellowshipMultipleTimes[516]" classname="com.giangvt.unittest.services.DataServiceTest" time="0"/>
  <testcase name="ensureThatWeCanRetrieveFellowshipMultipleTimes[517]" classname="com.giangvt.unittest.services.DataServiceTest" time="0"/>
  <testcase name="ensureThatWeCanRetrieveFellowshipMultipleTimes[518]" classname="com.giangvt.unittest.services.DataServiceTest" time="0.001"/>
  <testcase name="ensureThatWeCanRetrieveFellowshipMultipleTimes[519]" classname="com.giangvt.unittest.services.DataServiceTest" time="0"/>
  <testcase name="ensureThatWeCanRetrieveFellowshipMultipleTimes[520]" classname="com.giangvt.unittest.services.DataServiceTest" time="0"/>
  <testcase name="ensureThatWeCanRetrieveFellowshipMultipleTimes[521]" classname="com.giangvt.unittest.services.DataServiceTest" time="0"/>
  <testcase name="ensureThatWeCanRetrieveFellowshipMultipleTimes[522]" classname="com.giangvt.unittest.services.DataServiceTest" time="0.001"/>
  <testcase name="ensureThatWeCanRetrieveFellowshipMultipleTimes[523]" classname="com.giangvt.unittest.services.DataServiceTest" time="0"/>
  <testcase name="ensureThatWeCanRetrieveFellowshipMultipleTimes[524]" classname="com.giangvt.unittest.services.DataServiceTest" time="0"/>
  <testcase name="ensureThatWeCanRetrieveFellowshipMultipleTimes[525]" classname="com.giangvt.unittest.services.DataServiceTest" time="0"/>
  <testcase name="ensureThatWeCanRetrieveFellowshipMultipleTimes[526]" classname="com.giangvt.unittest.services.DataServiceTest" time="0"/>
  <testcase name="ensureThatWeCanRetrieveFellowshipMultipleTimes[527]" classname="com.giangvt.unittest.services.DataServiceTest" time="0"/>
  <testcase name="ensureThatWeCanRetrieveFellowshipMultipleTimes[528]" classname="com.giangvt.unittest.services.DataServiceTest" time="0.001"/>
  <testcase name="ensureThatWeCanRetrieveFellowshipMultipleTimes[529]" classname="com.giangvt.unittest.services.DataServiceTest" time="0"/>
  <testcase name="ensureThatWeCanRetrieveFellowshipMultipleTimes[530]" classname="com.giangvt.unittest.services.DataServiceTest" time="0"/>
  <testcase name="ensureThatWeCanRetrieveFellowshipMultipleTimes[531]" classname="com.giangvt.unittest.services.DataServiceTest" time="0"/>
  <testcase name="ensureThatWeCanRetrieveFellowshipMultipleTimes[532]" classname="com.giangvt.unittest.services.DataServiceTest" time="0"/>
  <testcase name="ensureThatWeCanRetrieveFellowshipMultipleTimes[533]" classname="com.giangvt.unittest.services.DataServiceTest" time="0"/>
  <testcase name="ensureThatWeCanRetrieveFellowshipMultipleTimes[534]" classname="com.giangvt.unittest.services.DataServiceTest" time="0"/>
  <testcase name="ensureThatWeCanRetrieveFellowshipMultipleTimes[535]" classname="com.giangvt.unittest.services.DataServiceTest" time="0.001"/>
  <testcase name="ensureThatWeCanRetrieveFellowshipMultipleTimes[536]" classname="com.giangvt.unittest.services.DataServiceTest" time="0"/>
  <testcase name="ensureThatWeCanRetrieveFellowshipMultipleTimes[537]" classname="com.giangvt.unittest.services.DataServiceTest" time="0"/>
  <testcase name="ensureThatWeCanRetrieveFellowshipMultipleTimes[538]" classname="com.giangvt.unittest.services.DataServiceTest" time="0"/>
  <testcase name="ensureThatWeCanRetrieveFellowshipMultipleTimes[539]" classname="com.giangvt.unittest.services.DataServiceTest" time="0"/>
  <testcase name="ensureThatWeCanRetrieveFellowshipMultipleTimes[540]" classname="com.giangvt.unittest.services.DataServiceTest" time="0"/>
  <testcase name="ensureThatWeCanRetrieveFellowshipMultipleTimes[541]" classname="com.giangvt.unittest.services.DataServiceTest" time="0"/>
  <testcase name="ensureThatWeCanRetrieveFellowshipMultipleTimes[542]" classname="com.giangvt.unittest.services.DataServiceTest" time="0"/>
  <testcase name="ensureThatWeCanRetrieveFellowshipMultipleTimes[543]" classname="com.giangvt.unittest.services.DataServiceTest" time="0"/>
  <testcase name="ensureThatWeCanRetrieveFellowshipMultipleTimes[544]" classname="com.giangvt.unittest.services.DataServiceTest" time="0"/>
  <testcase name="ensureThatWeCanRetrieveFellowshipMultipleTimes[545]" classname="com.giangvt.unittest.services.DataServiceTest" time="0.001"/>
  <testcase name="ensureThatWeCanRetrieveFellowshipMultipleTimes[546]" classname="com.giangvt.unittest.services.DataServiceTest" time="0"/>
  <testcase name="ensureThatWeCanRetrieveFellowshipMultipleTimes[547]" classname="com.giangvt.unittest.services.DataServiceTest" time="0"/>
  <testcase name="ensureThatWeCanRetrieveFellowshipMultipleTimes[548]" classname="com.giangvt.unittest.services.DataServiceTest" time="0"/>
  <testcase name="ensureThatWeCanRetrieveFellowshipMultipleTimes[549]" classname="com.giangvt.unittest.services.DataServiceTest" time="0"/>
  <testcase name="ensureThatWeCanRetrieveFellowshipMultipleTimes[550]" classname="com.giangvt.unittest.services.DataServiceTest" time="0"/>
  <testcase name="ensureThatWeCanRetrieveFellowshipMultipleTimes[551]" classname="com.giangvt.unittest.services.DataServiceTest" time="0"/>
  <testcase name="ensureThatWeCanRetrieveFellowshipMultipleTimes[552]" classname="com.giangvt.unittest.services.DataServiceTest" time="0"/>
  <testcase name="ensureThatWeCanRetrieveFellowshipMultipleTimes[553]" classname="com.giangvt.unittest.services.DataServiceTest" time="0"/>
  <testcase name="ensureThatWeCanRetrieveFellowshipMultipleTimes[554]" classname="com.giangvt.unittest.services.DataServiceTest" time="0"/>
  <testcase name="ensureThatWeCanRetrieveFellowshipMultipleTimes[555]" classname="com.giangvt.unittest.services.DataServiceTest" time="0"/>
  <testcase name="ensureThatWeCanRetrieveFellowshipMultipleTimes[556]" classname="com.giangvt.unittest.services.DataServiceTest" time="0.001"/>
  <testcase name="ensureThatWeCanRetrieveFellowshipMultipleTimes[557]" classname="com.giangvt.unittest.services.DataServiceTest" time="0"/>
  <testcase name="ensureThatWeCanRetrieveFellowshipMultipleTimes[558]" classname="com.giangvt.unittest.services.DataServiceTest" time="0"/>
  <testcase name="ensureThatWeCanRetrieveFellowshipMultipleTimes[559]" classname="com.giangvt.unittest.services.DataServiceTest" time="0"/>
  <testcase name="ensureThatWeCanRetrieveFellowshipMultipleTimes[560]" classname="com.giangvt.unittest.services.DataServiceTest" time="0"/>
  <testcase name="ensureThatWeCanRetrieveFellowshipMultipleTimes[561]" classname="com.giangvt.unittest.services.DataServiceTest" time="0"/>
  <testcase name="ensureThatWeCanRetrieveFellowshipMultipleTimes[562]" classname="com.giangvt.unittest.services.DataServiceTest" time="0"/>
  <testcase name="ensureThatWeCanRetrieveFellowshipMultipleTimes[563]" classname="com.giangvt.unittest.services.DataServiceTest" time="0"/>
  <testcase name="ensureThatWeCanRetrieveFellowshipMultipleTimes[564]" classname="com.giangvt.unittest.services.DataServiceTest" time="0"/>
  <testcase name="ensureThatWeCanRetrieveFellowshipMultipleTimes[565]" classname="com.giangvt.unittest.services.DataServiceTest" time="0"/>
  <testcase name="ensureThatWeCanRetrieveFellowshipMultipleTimes[566]" classname="com.giangvt.unittest.services.DataServiceTest" time="0"/>
  <testcase name="ensureThatWeCanRetrieveFellowshipMultipleTimes[567]" classname="com.giangvt.unittest.services.DataServiceTest" time="0"/>
  <testcase name="ensureThatWeCanRetrieveFellowshipMultipleTimes[568]" classname="com.giangvt.unittest.services.DataServiceTest" time="0"/>
  <testcase name="ensureThatWeCanRetrieveFellowshipMultipleTimes[569]" classname="com.giangvt.unittest.services.DataServiceTest" time="0.001"/>
  <testcase name="ensureThatWeCanRetrieveFellowshipMultipleTimes[570]" classname="com.giangvt.unittest.services.DataServiceTest" time="0"/>
  <testcase name="ensureThatWeCanRetrieveFellowshipMultipleTimes[571]" classname="com.giangvt.unittest.services.DataServiceTest" time="0"/>
  <testcase name="ensureThatWeCanRetrieveFellowshipMultipleTimes[572]" classname="com.giangvt.unittest.services.DataServiceTest" time="0.001"/>
  <testcase name="ensureThatWeCanRetrieveFellowshipMultipleTimes[573]" classname="com.giangvt.unittest.services.DataServiceTest" time="0"/>
  <testcase name="ensureThatWeCanRetrieveFellowshipMultipleTimes[574]" classname="com.giangvt.unittest.services.DataServiceTest" time="0"/>
  <testcase name="ensureThatWeCanRetrieveFellowshipMultipleTimes[575]" classname="com.giangvt.unittest.services.DataServiceTest" time="0"/>
  <testcase name="ensureThatWeCanRetrieveFellowshipMultipleTimes[576]" classname="com.giangvt.unittest.services.DataServiceTest" time="0"/>
  <testcase name="ensureThatWeCanRetrieveFellowshipMultipleTimes[577]" classname="com.giangvt.unittest.services.DataServiceTest" time="0"/>
  <testcase name="ensureThatWeCanRetrieveFellowshipMultipleTimes[578]" classname="com.giangvt.unittest.services.DataServiceTest" time="0"/>
  <testcase name="ensureThatWeCanRetrieveFellowshipMultipleTimes[579]" classname="com.giangvt.unittest.services.DataServiceTest" time="0"/>
  <testcase name="ensureThatWeCanRetrieveFellowshipMultipleTimes[580]" classname="com.giangvt.unittest.services.DataServiceTest" time="0"/>
  <testcase name="ensureThatWeCanRetrieveFellowshipMultipleTimes[581]" classname="com.giangvt.unittest.services.DataServiceTest" time="0"/>
  <testcase name="ensureThatWeCanRetrieveFellowshipMultipleTimes[582]" classname="com.giangvt.unittest.services.DataServiceTest" time="0"/>
  <testcase name="ensureThatWeCanRetrieveFellowshipMultipleTimes[583]" classname="com.giangvt.unittest.services.DataServiceTest" time="0"/>
  <testcase name="ensureThatWeCanRetrieveFellowshipMultipleTimes[584]" classname="com.giangvt.unittest.services.DataServiceTest" time="0"/>
  <testcase name="ensureThatWeCanRetrieveFellowshipMultipleTimes[585]" classname="com.giangvt.unittest.services.DataServiceTest" time="0.001"/>
  <testcase name="ensureThatWeCanRetrieveFellowshipMultipleTimes[586]" classname="com.giangvt.unittest.services.DataServiceTest" time="0"/>
  <testcase name="ensureThatWeCanRetrieveFellowshipMultipleTimes[587]" classname="com.giangvt.unittest.services.DataServiceTest" time="0"/>
  <testcase name="ensureThatWeCanRetrieveFellowshipMultipleTimes[588]" classname="com.giangvt.unittest.services.DataServiceTest" time="0"/>
  <testcase name="ensureThatWeCanRetrieveFellowshipMultipleTimes[589]" classname="com.giangvt.unittest.services.DataServiceTest" time="0"/>
  <testcase name="ensureThatWeCanRetrieveFellowshipMultipleTimes[590]" classname="com.giangvt.unittest.services.DataServiceTest" time="0"/>
  <testcase name="ensureThatWeCanRetrieveFellowshipMultipleTimes[591]" classname="com.giangvt.unittest.services.DataServiceTest" time="0"/>
  <testcase name="ensureThatWeCanRetrieveFellowshipMultipleTimes[592]" classname="com.giangvt.unittest.services.DataServiceTest" time="0"/>
  <testcase name="ensureThatWeCanRetrieveFellowshipMultipleTimes[593]" classname="com.giangvt.unittest.services.DataServiceTest" time="0"/>
  <testcase name="ensureThatWeCanRetrieveFellowshipMultipleTimes[594]" classname="com.giangvt.unittest.services.DataServiceTest" time="0"/>
  <testcase name="ensureThatWeCanRetrieveFellowshipMultipleTimes[595]" classname="com.giangvt.unittest.services.DataServiceTest" time="0"/>
  <testcase name="ensureThatWeCanRetrieveFellowshipMultipleTimes[596]" classname="com.giangvt.unittest.services.DataServiceTest" time="0.001"/>
  <testcase name="ensureThatWeCanRetrieveFellowshipMultipleTimes[597]" classname="com.giangvt.unittest.services.DataServiceTest" time="0"/>
  <testcase name="ensureThatWeCanRetrieveFellowshipMultipleTimes[598]" classname="com.giangvt.unittest.services.DataServiceTest" time="0"/>
  <testcase name="ensureThatWeCanRetrieveFellowshipMultipleTimes[599]" classname="com.giangvt.unittest.services.DataServiceTest" time="0.001"/>
  <testcase name="ensureThatWeCanRetrieveFellowshipMultipleTimes[600]" classname="com.giangvt.unittest.services.DataServiceTest" time="0"/>
  <testcase name="ensureThatWeCanRetrieveFellowshipMultipleTimes[601]" classname="com.giangvt.unittest.services.DataServiceTest" time="0"/>
  <testcase name="ensureThatWeCanRetrieveFellowshipMultipleTimes[602]" classname="com.giangvt.unittest.services.DataServiceTest" time="0.001"/>
  <testcase name="ensureThatWeCanRetrieveFellowshipMultipleTimes[603]" classname="com.giangvt.unittest.services.DataServiceTest" time="0"/>
  <testcase name="ensureThatWeCanRetrieveFellowshipMultipleTimes[604]" classname="com.giangvt.unittest.services.DataServiceTest" time="0"/>
  <testcase name="ensureThatWeCanRetrieveFellowshipMultipleTimes[605]" classname="com.giangvt.unittest.services.DataServiceTest" time="0"/>
  <testcase name="ensureThatWeCanRetrieveFellowshipMultipleTimes[606]" classname="com.giangvt.unittest.services.DataServiceTest" time="0"/>
  <testcase name="ensureThatWeCanRetrieveFellowshipMultipleTimes[607]" classname="com.giangvt.unittest.services.DataServiceTest" time="0"/>
  <testcase name="ensureThatWeCanRetrieveFellowshipMultipleTimes[608]" classname="com.giangvt.unittest.services.DataServiceTest" time="0"/>
  <testcase name="ensureThatWeCanRetrieveFellowshipMultipleTimes[609]" classname="com.giangvt.unittest.services.DataServiceTest" time="0"/>
  <testcase name="ensureThatWeCanRetrieveFellowshipMultipleTimes[610]" classname="com.giangvt.unittest.services.DataServiceTest" time="0"/>
  <testcase name="ensureThatWeCanRetrieveFellowshipMultipleTimes[611]" classname="com.giangvt.unittest.services.DataServiceTest" time="0"/>
  <testcase name="ensureThatWeCanRetrieveFellowshipMultipleTimes[612]" classname="com.giangvt.unittest.services.DataServiceTest" time="0"/>
  <testcase name="ensureThatWeCanRetrieveFellowshipMultipleTimes[613]" classname="com.giangvt.unittest.services.DataServiceTest" time="0"/>
  <testcase name="ensureThatWeCanRetrieveFellowshipMultipleTimes[614]" classname="com.giangvt.unittest.services.DataServiceTest" time="0"/>
  <testcase name="ensureThatWeCanRetrieveFellowshipMultipleTimes[615]" classname="com.giangvt.unittest.services.DataServiceTest" time="0"/>
  <testcase name="ensureThatWeCanRetrieveFellowshipMultipleTimes[616]" classname="com.giangvt.unittest.services.DataServiceTest" time="0"/>
  <testcase name="ensureThatWeCanRetrieveFellowshipMultipleTimes[617]" classname="com.giangvt.unittest.services.DataServiceTest" time="0"/>
  <testcase name="ensureThatWeCanRetrieveFellowshipMultipleTimes[618]" classname="com.giangvt.unittest.services.DataServiceTest" time="0.003"/>
  <testcase name="ensureThatWeCanRetrieveFellowshipMultipleTimes[619]" classname="com.giangvt.unittest.services.DataServiceTest" time="0"/>
  <testcase name="ensureThatWeCanRetrieveFellowshipMultipleTimes[620]" classname="com.giangvt.unittest.services.DataServiceTest" time="0"/>
  <testcase name="ensureThatWeCanRetrieveFellowshipMultipleTimes[621]" classname="com.giangvt.unittest.services.DataServiceTest" time="0"/>
  <testcase name="ensureThatWeCanRetrieveFellowshipMultipleTimes[622]" classname="com.giangvt.unittest.services.DataServiceTest" time="0"/>
  <testcase name="ensureThatWeCanRetrieveFellowshipMultipleTimes[623]" classname="com.giangvt.unittest.services.DataServiceTest" time="0"/>
  <testcase name="ensureThatWeCanRetrieveFellowshipMultipleTimes[624]" classname="com.giangvt.unittest.services.DataServiceTest" time="0"/>
  <testcase name="ensureThatWeCanRetrieveFellowshipMultipleTimes[625]" classname="com.giangvt.unittest.services.DataServiceTest" time="0"/>
  <testcase name="ensureThatWeCanRetrieveFellowshipMultipleTimes[626]" classname="com.giangvt.unittest.services.DataServiceTest" time="0.001"/>
  <testcase name="ensureThatWeCanRetrieveFellowshipMultipleTimes[627]" classname="com.giangvt.unittest.services.DataServiceTest" time="0"/>
  <testcase name="ensureThatWeCanRetrieveFellowshipMultipleTimes[628]" classname="com.giangvt.unittest.services.DataServiceTest" time="0"/>
  <testcase name="ensureThatWeCanRetrieveFellowshipMultipleTimes[629]" classname="com.giangvt.unittest.services.DataServiceTest" time="0"/>
  <testcase name="ensureThatWeCanRetrieveFellowshipMultipleTimes[630]" classname="com.giangvt.unittest.services.DataServiceTest" time="0"/>
  <testcase name="ensureThatWeCanRetrieveFellowshipMultipleTimes[631]" classname="com.giangvt.unittest.services.DataServiceTest" time="0"/>
  <testcase name="ensureThatWeCanRetrieveFellowshipMultipleTimes[632]" classname="com.giangvt.unittest.services.DataServiceTest" time="0"/>
  <testcase name="ensureThatWeCanRetrieveFellowshipMultipleTimes[633]" classname="com.giangvt.unittest.services.DataServiceTest" time="0"/>
  <testcase name="ensureThatWeCanRetrieveFellowshipMultipleTimes[634]" classname="com.giangvt.unittest.services.DataServiceTest" time="0"/>
  <testcase name="ensureThatWeCanRetrieveFellowshipMultipleTimes[635]" classname="com.giangvt.unittest.services.DataServiceTest" time="0"/>
  <testcase name="ensureThatWeCanRetrieveFellowshipMultipleTimes[636]" classname="com.giangvt.unittest.services.DataServiceTest" time="0"/>
  <testcase name="ensureThatWeCanRetrieveFellowshipMultipleTimes[637]" classname="com.giangvt.unittest.services.DataServiceTest" time="0"/>
  <testcase name="ensureThatWeCanRetrieveFellowshipMultipleTimes[638]" classname="com.giangvt.unittest.services.DataServiceTest" time="0"/>
  <testcase name="ensureThatWeCanRetrieveFellowshipMultipleTimes[639]" classname="com.giangvt.unittest.services.DataServiceTest" time="0"/>
  <testcase name="ensureThatWeCanRetrieveFellowshipMultipleTimes[640]" classname="com.giangvt.unittest.services.DataServiceTest" time="0"/>
  <testcase name="ensureThatWeCanRetrieveFellowshipMultipleTimes[641]" classname="com.giangvt.unittest.services.DataServiceTest" time="0"/>
  <testcase name="ensureThatWeCanRetrieveFellowshipMultipleTimes[642]" classname="com.giangvt.unittest.services.DataServiceTest" time="0"/>
  <testcase name="ensureThatWeCanRetrieveFellowshipMultipleTimes[643]" classname="com.giangvt.unittest.services.DataServiceTest" time="0"/>
  <testcase name="ensureThatWeCanRetrieveFellowshipMultipleTimes[644]" classname="com.giangvt.unittest.services.DataServiceTest" time="0"/>
  <testcase name="ensureThatWeCanRetrieveFellowshipMultipleTimes[645]" classname="com.giangvt.unittest.services.DataServiceTest" time="0"/>
  <testcase name="ensureThatWeCanRetrieveFellowshipMultipleTimes[646]" classname="com.giangvt.unittest.services.DataServiceTest" time="0"/>
  <testcase name="ensureThatWeCanRetrieveFellowshipMultipleTimes[647]" classname="com.giangvt.unittest.services.DataServiceTest" time="0"/>
  <testcase name="ensureThatWeCanRetrieveFellowshipMultipleTimes[648]" classname="com.giangvt.unittest.services.DataServiceTest" time="0"/>
  <testcase name="ensureThatWeCanRetrieveFellowshipMultipleTimes[649]" classname="com.giangvt.unittest.services.DataServiceTest" time="0"/>
  <testcase name="ensureThatWeCanRetrieveFellowshipMultipleTimes[650]" classname="com.giangvt.unittest.services.DataServiceTest" time="0"/>
  <testcase name="ensureThatWeCanRetrieveFellowshipMultipleTimes[651]" classname="com.giangvt.unittest.services.DataServiceTest" time="0"/>
  <testcase name="ensureThatWeCanRetrieveFellowshipMultipleTimes[652]" classname="com.giangvt.unittest.services.DataServiceTest" time="0"/>
  <testcase name="ensureThatWeCanRetrieveFellowshipMultipleTimes[653]" classname="com.giangvt.unittest.services.DataServiceTest" time="0.001"/>
  <testcase name="ensureThatWeCanRetrieveFellowshipMultipleTimes[654]" classname="com.giangvt.unittest.services.DataServiceTest" time="0"/>
  <testcase name="ensureThatWeCanRetrieveFellowshipMultipleTimes[655]" classname="com.giangvt.unittest.services.DataServiceTest" time="0"/>
  <testcase name="ensureThatWeCanRetrieveFellowshipMultipleTimes[656]" classname="com.giangvt.unittest.services.DataServiceTest" time="0"/>
  <testcase name="ensureThatWeCanRetrieveFellowshipMultipleTimes[657]" classname="com.giangvt.unittest.services.DataServiceTest" time="0"/>
  <testcase name="ensureThatWeCanRetrieveFellowshipMultipleTimes[658]" classname="com.giangvt.unittest.services.DataServiceTest" time="0"/>
  <testcase name="ensureThatWeCanRetrieveFellowshipMultipleTimes[659]" classname="com.giangvt.unittest.services.DataServiceTest" time="0"/>
  <testcase name="ensureThatWeCanRetrieveFellowshipMultipleTimes[660]" classname="com.giangvt.unittest.services.DataServiceTest" time="0"/>
  <testcase name="ensureThatWeCanRetrieveFellowshipMultipleTimes[661]" classname="com.giangvt.unittest.services.DataServiceTest" time="0.001"/>
  <testcase name="ensureThatWeCanRetrieveFellowshipMultipleTimes[662]" classname="com.giangvt.unittest.services.DataServiceTest" time="0"/>
  <testcase name="ensureThatWeCanRetrieveFellowshipMultipleTimes[663]" classname="com.giangvt.unittest.services.DataServiceTest" time="0"/>
  <testcase name="ensureThatWeCanRetrieveFellowshipMultipleTimes[664]" classname="com.giangvt.unittest.services.DataServiceTest" time="0"/>
  <testcase name="ensureThatWeCanRetrieveFellowshipMultipleTimes[665]" classname="com.giangvt.unittest.services.DataServiceTest" time="0"/>
  <testcase name="ensureThatWeCanRetrieveFellowshipMultipleTimes[666]" classname="com.giangvt.unittest.services.DataServiceTest" time="0"/>
  <testcase name="ensureThatWeCanRetrieveFellowshipMultipleTimes[667]" classname="com.giangvt.unittest.services.DataServiceTest" time="0"/>
  <testcase name="ensureThatWeCanRetrieveFellowshipMultipleTimes[668]" classname="com.giangvt.unittest.services.DataServiceTest" time="0"/>
  <testcase name="ensureThatWeCanRetrieveFellowshipMultipleTimes[669]" classname="com.giangvt.unittest.services.DataServiceTest" time="0"/>
  <testcase name="ensureThatWeCanRetrieveFellowshipMultipleTimes[670]" classname="com.giangvt.unittest.services.DataServiceTest" time="0"/>
  <testcase name="ensureThatWeCanRetrieveFellowshipMultipleTimes[671]" classname="com.giangvt.unittest.services.DataServiceTest" time="0"/>
  <testcase name="ensureThatWeCanRetrieveFellowshipMultipleTimes[672]" classname="com.giangvt.unittest.services.DataServiceTest" time="0.001"/>
  <testcase name="ensureThatWeCanRetrieveFellowshipMultipleTimes[673]" classname="com.giangvt.unittest.services.DataServiceTest" time="0"/>
  <testcase name="ensureThatWeCanRetrieveFellowshipMultipleTimes[674]" classname="com.giangvt.unittest.services.DataServiceTest" time="0"/>
  <testcase name="ensureThatWeCanRetrieveFellowshipMultipleTimes[675]" classname="com.giangvt.unittest.services.DataServiceTest" time="0.001"/>
  <testcase name="ensureThatWeCanRetrieveFellowshipMultipleTimes[676]" classname="com.giangvt.unittest.services.DataServiceTest" time="0"/>
  <testcase name="ensureThatWeCanRetrieveFellowshipMultipleTimes[677]" classname="com.giangvt.unittest.services.DataServiceTest" time="0"/>
  <testcase name="ensureThatWeCanRetrieveFellowshipMultipleTimes[678]" classname="com.giangvt.unittest.services.DataServiceTest" time="0"/>
  <testcase name="ensureThatWeCanRetrieveFellowshipMultipleTimes[679]" classname="com.giangvt.unittest.services.DataServiceTest" time="0"/>
  <testcase name="ensureThatWeCanRetrieveFellowshipMultipleTimes[680]" classname="com.giangvt.unittest.services.DataServiceTest" time="0"/>
  <testcase name="ensureThatWeCanRetrieveFellowshipMultipleTimes[681]" classname="com.giangvt.unittest.services.DataServiceTest" time="0.001"/>
  <testcase name="ensureThatWeCanRetrieveFellowshipMultipleTimes[682]" classname="com.giangvt.unittest.services.DataServiceTest" time="0"/>
  <testcase name="ensureThatWeCanRetrieveFellowshipMultipleTimes[683]" classname="com.giangvt.unittest.services.DataServiceTest" time="0"/>
  <testcase name="ensureThatWeCanRetrieveFellowshipMultipleTimes[684]" classname="com.giangvt.unittest.services.DataServiceTest" time="0"/>
  <testcase name="ensureThatWeCanRetrieveFellowshipMultipleTimes[685]" classname="com.giangvt.unittest.services.DataServiceTest" time="0"/>
  <testcase name="ensureThatWeCanRetrieveFellowshipMultipleTimes[686]" classname="com.giangvt.unittest.services.DataServiceTest" time="0"/>
  <testcase name="ensureThatWeCanRetrieveFellowshipMultipleTimes[687]" classname="com.giangvt.unittest.services.DataServiceTest" time="0"/>
  <testcase name="ensureThatWeCanRetrieveFellowshipMultipleTimes[688]" classname="com.giangvt.unittest.services.DataServiceTest" time="0.001"/>
  <testcase name="ensureThatWeCanRetrieveFellowshipMultipleTimes[689]" classname="com.giangvt.unittest.services.DataServiceTest" time="0"/>
  <testcase name="ensureThatWeCanRetrieveFellowshipMultipleTimes[690]" classname="com.giangvt.unittest.services.DataServiceTest" time="0"/>
  <testcase name="ensureThatWeCanRetrieveFellowshipMultipleTimes[691]" classname="com.giangvt.unittest.services.DataServiceTest" time="0"/>
  <testcase name="ensureThatWeCanRetrieveFellowshipMultipleTimes[692]" classname="com.giangvt.unittest.services.DataServiceTest" time="0"/>
  <testcase name="ensureThatWeCanRetrieveFellowshipMultipleTimes[693]" classname="com.giangvt.unittest.services.DataServiceTest" time="0.001"/>
  <testcase name="ensureThatWeCanRetrieveFellowshipMultipleTimes[694]" classname="com.giangvt.unittest.services.DataServiceTest" time="0"/>
  <testcase name="ensureThatWeCanRetrieveFellowshipMultipleTimes[695]" classname="com.giangvt.unittest.services.DataServiceTest" time="0"/>
  <testcase name="ensureThatWeCanRetrieveFellowshipMultipleTimes[696]" classname="com.giangvt.unittest.services.DataServiceTest" time="0"/>
  <testcase name="ensureThatWeCanRetrieveFellowshipMultipleTimes[697]" classname="com.giangvt.unittest.services.DataServiceTest" time="0"/>
  <testcase name="ensureThatWeCanRetrieveFellowshipMultipleTimes[698]" classname="com.giangvt.unittest.services.DataServiceTest" time="0"/>
  <testcase name="ensureThatWeCanRetrieveFellowshipMultipleTimes[699]" classname="com.giangvt.unittest.services.DataServiceTest" time="0"/>
  <testcase name="ensureThatWeCanRetrieveFellowshipMultipleTimes[700]" classname="com.giangvt.unittest.services.DataServiceTest" time="0"/>
  <testcase name="ensureThatWeCanRetrieveFellowshipMultipleTimes[701]" classname="com.giangvt.unittest.services.DataServiceTest" time="0"/>
  <testcase name="ensureThatWeCanRetrieveFellowshipMultipleTimes[702]" classname="com.giangvt.unittest.services.DataServiceTest" time="0.001"/>
  <testcase name="ensureThatWeCanRetrieveFellowshipMultipleTimes[703]" classname="com.giangvt.unittest.services.DataServiceTest" time="0"/>
  <testcase name="ensureThatWeCanRetrieveFellowshipMultipleTimes[704]" classname="com.giangvt.unittest.services.DataServiceTest" time="0"/>
  <testcase name="ensureThatWeCanRetrieveFellowshipMultipleTimes[705]" classname="com.giangvt.unittest.services.DataServiceTest" time="0.001"/>
  <testcase name="ensureThatWeCanRetrieveFellowshipMultipleTimes[706]" classname="com.giangvt.unittest.services.DataServiceTest" time="0"/>
  <testcase name="ensureThatWeCanRetrieveFellowshipMultipleTimes[707]" classname="com.giangvt.unittest.services.DataServiceTest" time="0"/>
  <testcase name="ensureThatWeCanRetrieveFellowshipMultipleTimes[708]" classname="com.giangvt.unittest.services.DataServiceTest" time="0"/>
  <testcase name="ensureThatWeCanRetrieveFellowshipMultipleTimes[709]" classname="com.giangvt.unittest.services.DataServiceTest" time="0"/>
  <testcase name="ensureThatWeCanRetrieveFellowshipMultipleTimes[710]" classname="com.giangvt.unittest.services.DataServiceTest" time="0"/>
  <testcase name="ensureThatWeCanRetrieveFellowshipMultipleTimes[711]" classname="com.giangvt.unittest.services.DataServiceTest" time="0"/>
  <testcase name="ensureThatWeCanRetrieveFellowshipMultipleTimes[712]" classname="com.giangvt.unittest.services.DataServiceTest" time="0"/>
  <testcase name="ensureThatWeCanRetrieveFellowshipMultipleTimes[713]" classname="com.giangvt.unittest.services.DataServiceTest" time="0"/>
  <testcase name="ensureThatWeCanRetrieveFellowshipMultipleTimes[714]" classname="com.giangvt.unittest.services.DataServiceTest" time="0"/>
  <testcase name="ensureThatWeCanRetrieveFellowshipMultipleTimes[715]" classname="com.giangvt.unittest.services.DataServiceTest" time="0"/>
  <testcase name="ensureThatWeCanRetrieveFellowshipMultipleTimes[716]" classname="com.giangvt.unittest.services.DataServiceTest" time="0"/>
  <testcase name="ensureThatWeCanRetrieveFellowshipMultipleTimes[717]" classname="com.giangvt.unittest.services.DataServiceTest" time="0"/>
  <testcase name="ensureThatWeCanRetrieveFellowshipMultipleTimes[718]" classname="com.giangvt.unittest.services.DataServiceTest" time="0"/>
  <testcase name="ensureThatWeCanRetrieveFellowshipMultipleTimes[719]" classname="com.giangvt.unittest.services.DataServiceTest" time="0"/>
  <testcase name="ensureThatWeCanRetrieveFellowshipMultipleTimes[720]" classname="com.giangvt.unittest.services.DataServiceTest" time="0"/>
  <testcase name="ensureThatWeCanRetrieveFellowshipMultipleTimes[721]" classname="com.giangvt.unittest.services.DataServiceTest" time="0"/>
  <testcase name="ensureThatWeCanRetrieveFellowshipMultipleTimes[722]" classname="com.giangvt.unittest.services.DataServiceTest" time="0"/>
  <testcase name="ensureThatWeCanRetrieveFellowshipMultipleTimes[723]" classname="com.giangvt.unittest.services.DataServiceTest" time="0"/>
  <testcase name="ensureThatWeCanRetrieveFellowshipMultipleTimes[724]" classname="com.giangvt.unittest.services.DataServiceTest" time="0"/>
  <testcase name="ensureThatWeCanRetrieveFellowshipMultipleTimes[725]" classname="com.giangvt.unittest.services.DataServiceTest" time="0"/>
  <testcase name="ensureThatWeCanRetrieveFellowshipMultipleTimes[726]" classname="com.giangvt.unittest.services.DataServiceTest" time="0"/>
  <testcase name="ensureThatWeCanRetrieveFellowshipMultipleTimes[727]" classname="com.giangvt.unittest.services.DataServiceTest" time="0"/>
  <testcase name="ensureThatWeCanRetrieveFellowshipMultipleTimes[728]" classname="com.giangvt.unittest.services.DataServiceTest" time="0"/>
  <testcase name="ensureThatWeCanRetrieveFellowshipMultipleTimes[729]" classname="com.giangvt.unittest.services.DataServiceTest" time="0"/>
  <testcase name="ensureThatWeCanRetrieveFellowshipMultipleTimes[730]" classname="com.giangvt.unittest.services.DataServiceTest" time="0"/>
  <testcase name="ensureThatWeCanRetrieveFellowshipMultipleTimes[731]" classname="com.giangvt.unittest.services.DataServiceTest" time="0.001"/>
  <testcase name="ensureThatWeCanRetrieveFellowshipMultipleTimes[732]" classname="com.giangvt.unittest.services.DataServiceTest" time="0"/>
  <testcase name="ensureThatWeCanRetrieveFellowshipMultipleTimes[733]" classname="com.giangvt.unittest.services.DataServiceTest" time="0"/>
  <testcase name="ensureThatWeCanRetrieveFellowshipMultipleTimes[734]" classname="com.giangvt.unittest.services.DataServiceTest" time="0"/>
  <testcase name="ensureThatWeCanRetrieveFellowshipMultipleTimes[735]" classname="com.giangvt.unittest.services.DataServiceTest" time="0"/>
  <testcase name="ensureThatWeCanRetrieveFellowshipMultipleTimes[736]" classname="com.giangvt.unittest.services.DataServiceTest" time="0"/>
  <testcase name="ensureThatWeCanRetrieveFellowshipMultipleTimes[737]" classname="com.giangvt.unittest.services.DataServiceTest" time="0"/>
  <testcase name="ensureThatWeCanRetrieveFellowshipMultipleTimes[738]" classname="com.giangvt.unittest.services.DataServiceTest" time="0"/>
  <testcase name="ensureThatWeCanRetrieveFellowshipMultipleTimes[739]" classname="com.giangvt.unittest.services.DataServiceTest" time="0"/>
  <testcase name="ensureThatWeCanRetrieveFellowshipMultipleTimes[740]" classname="com.giangvt.unittest.services.DataServiceTest" time="0"/>
  <testcase name="ensureThatWeCanRetrieveFellowshipMultipleTimes[741]" classname="com.giangvt.unittest.services.DataServiceTest" time="0"/>
  <testcase name="ensureThatWeCanRetrieveFellowshipMultipleTimes[742]" classname="com.giangvt.unittest.services.DataServiceTest" time="0"/>
  <testcase name="ensureThatWeCanRetrieveFellowshipMultipleTimes[743]" classname="com.giangvt.unittest.services.DataServiceTest" time="0"/>
  <testcase name="ensureThatWeCanRetrieveFellowshipMultipleTimes[744]" classname="com.giangvt.unittest.services.DataServiceTest" time="0"/>
  <testcase name="ensureThatWeCanRetrieveFellowshipMultipleTimes[745]" classname="com.giangvt.unittest.services.DataServiceTest" time="0"/>
  <testcase name="ensureThatWeCanRetrieveFellowshipMultipleTimes[746]" classname="com.giangvt.unittest.services.DataServiceTest" time="0"/>
  <testcase name="ensureThatWeCanRetrieveFellowshipMultipleTimes[747]" classname="com.giangvt.unittest.services.DataServiceTest" time="0"/>
  <testcase name="ensureThatWeCanRetrieveFellowshipMultipleTimes[748]" classname="com.giangvt.unittest.services.DataServiceTest" time="0"/>
  <testcase name="ensureThatWeCanRetrieveFellowshipMultipleTimes[749]" classname="com.giangvt.unittest.services.DataServiceTest" time="0"/>
  <testcase name="ensureThatWeCanRetrieveFellowshipMultipleTimes[750]" classname="com.giangvt.unittest.services.DataServiceTest" time="0.001"/>
  <testcase name="ensureThatWeCanRetrieveFellowshipMultipleTimes[751]" classname="com.giangvt.unittest.services.DataServiceTest" time="0"/>
  <testcase name="ensureThatWeCanRetrieveFellowshipMultipleTimes[752]" classname="com.giangvt.unittest.services.DataServiceTest" time="0"/>
  <testcase name="ensureThatWeCanRetrieveFellowshipMultipleTimes[753]" classname="com.giangvt.unittest.services.DataServiceTest" time="0"/>
  <testcase name="ensureThatWeCanRetrieveFellowshipMultipleTimes[754]" classname="com.giangvt.unittest.services.DataServiceTest" time="0"/>
  <testcase name="ensureThatWeCanRetrieveFellowshipMultipleTimes[755]" classname="com.giangvt.unittest.services.DataServiceTest" time="0"/>
  <testcase name="ensureThatWeCanRetrieveFellowshipMultipleTimes[756]" classname="com.giangvt.unittest.services.DataServiceTest" time="0.001"/>
  <testcase name="ensureThatWeCanRetrieveFellowshipMultipleTimes[757]" classname="com.giangvt.unittest.services.DataServiceTest" time="0"/>
  <testcase name="ensureThatWeCanRetrieveFellowshipMultipleTimes[758]" classname="com.giangvt.unittest.services.DataServiceTest" time="0"/>
  <testcase name="ensureThatWeCanRetrieveFellowshipMultipleTimes[759]" classname="com.giangvt.unittest.services.DataServiceTest" time="0"/>
  <testcase name="ensureThatWeCanRetrieveFellowshipMultipleTimes[760]" classname="com.giangvt.unittest.services.DataServiceTest" time="0"/>
  <testcase name="ensureThatWeCanRetrieveFellowshipMultipleTimes[761]" classname="com.giangvt.unittest.services.DataServiceTest" time="0"/>
  <testcase name="ensureThatWeCanRetrieveFellowshipMultipleTimes[762]" classname="com.giangvt.unittest.services.DataServiceTest" time="0"/>
  <testcase name="ensureThatWeCanRetrieveFellowshipMultipleTimes[763]" classname="com.giangvt.unittest.services.DataServiceTest" time="0.001"/>
  <testcase name="ensureThatWeCanRetrieveFellowshipMultipleTimes[764]" classname="com.giangvt.unittest.services.DataServiceTest" time="0"/>
  <testcase name="ensureThatWeCanRetrieveFellowshipMultipleTimes[765]" classname="com.giangvt.unittest.services.DataServiceTest" time="0"/>
  <testcase name="ensureThatWeCanRetrieveFellowshipMultipleTimes[766]" classname="com.giangvt.unittest.services.DataServiceTest" time="0.001"/>
  <testcase name="ensureThatWeCanRetrieveFellowshipMultipleTimes[767]" classname="com.giangvt.unittest.services.DataServiceTest" time="0"/>
  <testcase name="ensureThatWeCanRetrieveFellowshipMultipleTimes[768]" classname="com.giangvt.unittest.services.DataServiceTest" time="0"/>
  <testcase name="ensureThatWeCanRetrieveFellowshipMultipleTimes[769]" classname="com.giangvt.unittest.services.DataServiceTest" time="0"/>
  <testcase name="ensureThatWeCanRetrieveFellowshipMultipleTimes[770]" classname="com.giangvt.unittest.services.DataServiceTest" time="0"/>
  <testcase name="ensureThatWeCanRetrieveFellowshipMultipleTimes[771]" classname="com.giangvt.unittest.services.DataServiceTest" time="0"/>
  <testcase name="ensureThatWeCanRetrieveFellowshipMultipleTimes[772]" classname="com.giangvt.unittest.services.DataServiceTest" time="0"/>
  <testcase name="ensureThatWeCanRetrieveFellowshipMultipleTimes[773]" classname="com.giangvt.unittest.services.DataServiceTest" time="0"/>
  <testcase name="ensureThatWeCanRetrieveFellowshipMultipleTimes[774]" classname="com.giangvt.unittest.services.DataServiceTest" time="0"/>
  <testcase name="ensureThatWeCanRetrieveFellowshipMultipleTimes[775]" classname="com.giangvt.unittest.services.DataServiceTest" time="0"/>
  <testcase name="ensureThatWeCanRetrieveFellowshipMultipleTimes[776]" classname="com.giangvt.unittest.services.DataServiceTest" time="0.001"/>
  <testcase name="ensureThatWeCanRetrieveFellowshipMultipleTimes[777]" classname="com.giangvt.unittest.services.DataServiceTest" time="0"/>
  <testcase name="ensureThatWeCanRetrieveFellowshipMultipleTimes[778]" classname="com.giangvt.unittest.services.DataServiceTest" time="0"/>
  <testcase name="ensureThatWeCanRetrieveFellowshipMultipleTimes[779]" classname="com.giangvt.unittest.services.DataServiceTest" time="0"/>
  <testcase name="ensureThatWeCanRetrieveFellowshipMultipleTimes[780]" classname="com.giangvt.unittest.services.DataServiceTest" time="0"/>
  <testcase name="ensureThatWeCanRetrieveFellowshipMultipleTimes[781]" classname="com.giangvt.unittest.services.DataServiceTest" time="0"/>
  <testcase name="ensureThatWeCanRetrieveFellowshipMultipleTimes[782]" classname="com.giangvt.unittest.services.DataServiceTest" time="0"/>
  <testcase name="ensureThatWeCanRetrieveFellowshipMultipleTimes[783]" classname="com.giangvt.unittest.services.DataServiceTest" time="0.001"/>
  <testcase name="ensureThatWeCanRetrieveFellowshipMultipleTimes[784]" classname="com.giangvt.unittest.services.DataServiceTest" time="0"/>
  <testcase name="ensureThatWeCanRetrieveFellowshipMultipleTimes[785]" classname="com.giangvt.unittest.services.DataServiceTest" time="0"/>
  <testcase name="ensureThatWeCanRetrieveFellowshipMultipleTimes[786]" classname="com.giangvt.unittest.services.DataServiceTest" time="0"/>
  <testcase name="ensureThatWeCanRetrieveFellowshipMultipleTimes[787]" classname="com.giangvt.unittest.services.DataServiceTest" time="0"/>
  <testcase name="ensureThatWeCanRetrieveFellowshipMultipleTimes[788]" classname="com.giangvt.unittest.services.DataServiceTest" time="0"/>
  <testcase name="ensureThatWeCanRetrieveFellowshipMultipleTimes[789]" classname="com.giangvt.unittest.services.DataServiceTest" time="0"/>
  <testcase name="ensureThatWeCanRetrieveFellowshipMultipleTimes[790]" classname="com.giangvt.unittest.services.DataServiceTest" time="0"/>
  <testcase name="ensureThatWeCanRetrieveFellowshipMultipleTimes[791]" classname="com.giangvt.unittest.services.DataServiceTest" time="0"/>
  <testcase name="ensureThatWeCanRetrieveFellowshipMultipleTimes[792]" classname="com.giangvt.unittest.services.DataServiceTest" time="0"/>
  <testcase name="ensureThatWeCanRetrieveFellowshipMultipleTimes[793]" classname="com.giangvt.unittest.services.DataServiceTest" time="0.001"/>
  <testcase name="ensureThatWeCanRetrieveFellowshipMultipleTimes[794]" classname="com.giangvt.unittest.services.DataServiceTest" time="0"/>
  <testcase name="ensureThatWeCanRetrieveFellowshipMultipleTimes[795]" classname="com.giangvt.unittest.services.DataServiceTest" time="0"/>
  <testcase name="ensureThatWeCanRetrieveFellowshipMultipleTimes[796]" classname="com.giangvt.unittest.services.DataServiceTest" time="0"/>
  <testcase name="ensureThatWeCanRetrieveFellowshipMultipleTimes[797]" classname="com.giangvt.unittest.services.DataServiceTest" time="0"/>
  <testcase name="ensureThatWeCanRetrieveFellowshipMultipleTimes[798]" classname="com.giangvt.unittest.services.DataServiceTest" time="0"/>
  <testcase name="ensureThatWeCanRetrieveFellowshipMultipleTimes[799]" classname="com.giangvt.unittest.services.DataServiceTest" time="0"/>
  <testcase name="ensureThatWeCanRetrieveFellowshipMultipleTimes[800]" classname="com.giangvt.unittest.services.DataServiceTest" time="0"/>
  <testcase name="ensureThatWeCanRetrieveFellowshipMultipleTimes[801]" classname="com.giangvt.unittest.services.DataServiceTest" time="0"/>
  <testcase name="ensureThatWeCanRetrieveFellowshipMultipleTimes[802]" classname="com.giangvt.unittest.services.DataServiceTest" time="0"/>
  <testcase name="ensureThatWeCanRetrieveFellowshipMultipleTimes[803]" classname="com.giangvt.unittest.services.DataServiceTest" time="0"/>
  <testcase name="ensureThatWeCanRetrieveFellowshipMultipleTimes[804]" classname="com.giangvt.unittest.services.DataServiceTest" time="0"/>
  <testcase name="ensureThatWeCanRetrieveFellowshipMultipleTimes[805]" classname="com.giangvt.unittest.services.DataServiceTest" time="0"/>
  <testcase name="ensureThatWeCanRetrieveFellowshipMultipleTimes[806]" classname="com.giangvt.unittest.services.DataServiceTest" time="0"/>
  <testcase name="ensureThatWeCanRetrieveFellowshipMultipleTimes[807]" classname="com.giangvt.unittest.services.DataServiceTest" time="0"/>
  <testcase name="ensureThatWeCanRetrieveFellowshipMultipleTimes[808]" classname="com.giangvt.unittest.services.DataServiceTest" time="0"/>
  <testcase name="ensureThatWeCanRetrieveFellowshipMultipleTimes[809]" classname="com.giangvt.unittest.services.DataServiceTest" time="0.001"/>
  <testcase name="ensureThatWeCanRetrieveFellowshipMultipleTimes[810]" classname="com.giangvt.unittest.services.DataServiceTest" time="0"/>
  <testcase name="ensureThatWeCanRetrieveFellowshipMultipleTimes[811]" classname="com.giangvt.unittest.services.DataServiceTest" time="0"/>
  <testcase name="ensureThatWeCanRetrieveFellowshipMultipleTimes[812]" classname="com.giangvt.unittest.services.DataServiceTest" time="0"/>
  <testcase name="ensureThatWeCanRetrieveFellowshipMultipleTimes[813]" classname="com.giangvt.unittest.services.DataServiceTest" time="0"/>
  <testcase name="ensureThatWeCanRetrieveFellowshipMultipleTimes[814]" classname="com.giangvt.unittest.services.DataServiceTest" time="0"/>
  <testcase name="ensureThatWeCanRetrieveFellowshipMultipleTimes[815]" classname="com.giangvt.unittest.services.DataServiceTest" time="0"/>
  <testcase name="ensureThatWeCanRetrieveFellowshipMultipleTimes[816]" classname="com.giangvt.unittest.services.DataServiceTest" time="0"/>
  <testcase name="ensureThatWeCanRetrieveFellowshipMultipleTimes[817]" classname="com.giangvt.unittest.services.DataServiceTest" time="0"/>
  <testcase name="ensureThatWeCanRetrieveFellowshipMultipleTimes[818]" classname="com.giangvt.unittest.services.DataServiceTest" time="0.001"/>
  <testcase name="ensureThatWeCanRetrieveFellowshipMultipleTimes[819]" classname="com.giangvt.unittest.services.DataServiceTest" time="0"/>
  <testcase name="ensureThatWeCanRetrieveFellowshipMultipleTimes[820]" classname="com.giangvt.unittest.services.DataServiceTest" time="0"/>
  <testcase name="ensureThatWeCanRetrieveFellowshipMultipleTimes[821]" classname="com.giangvt.unittest.services.DataServiceTest" time="0.001"/>
  <testcase name="ensureThatWeCanRetrieveFellowshipMultipleTimes[822]" classname="com.giangvt.unittest.services.DataServiceTest" time="0"/>
  <testcase name="ensureThatWeCanRetrieveFellowshipMultipleTimes[823]" classname="com.giangvt.unittest.services.DataServiceTest" time="0"/>
  <testcase name="ensureThatWeCanRetrieveFellowshipMultipleTimes[824]" classname="com.giangvt.unittest.services.DataServiceTest" time="0"/>
  <testcase name="ensureThatWeCanRetrieveFellowshipMultipleTimes[825]" classname="com.giangvt.unittest.services.DataServiceTest" time="0"/>
  <testcase name="ensureThatWeCanRetrieveFellowshipMultipleTimes[826]" classname="com.giangvt.unittest.services.DataServiceTest" time="0"/>
  <testcase name="ensureThatWeCanRetrieveFellowshipMultipleTimes[827]" classname="com.giangvt.unittest.services.DataServiceTest" time="0"/>
  <testcase name="ensureThatWeCanRetrieveFellowshipMultipleTimes[828]" classname="com.giangvt.unittest.services.DataServiceTest" time="0"/>
  <testcase name="ensureThatWeCanRetrieveFellowshipMultipleTimes[829]" classname="com.giangvt.unittest.services.DataServiceTest" time="0"/>
  <testcase name="ensureThatWeCanRetrieveFellowshipMultipleTimes[830]" classname="com.giangvt.unittest.services.DataServiceTest" time="0"/>
  <testcase name="ensureThatWeCanRetrieveFellowshipMultipleTimes[831]" classname="com.giangvt.unittest.services.DataServiceTest" time="0"/>
  <testcase name="ensureThatWeCanRetrieveFellowshipMultipleTimes[832]" classname="com.giangvt.unittest.services.DataServiceTest" time="0"/>
  <testcase name="ensureThatWeCanRetrieveFellowshipMultipleTimes[833]" classname="com.giangvt.unittest.services.DataServiceTest" time="0.001"/>
  <testcase name="ensureThatWeCanRetrieveFellowshipMultipleTimes[834]" classname="com.giangvt.unittest.services.DataServiceTest" time="0"/>
  <testcase name="ensureThatWeCanRetrieveFellowshipMultipleTimes[835]" classname="com.giangvt.unittest.services.DataServiceTest" time="0"/>
  <testcase name="ensureThatWeCanRetrieveFellowshipMultipleTimes[836]" classname="com.giangvt.unittest.services.DataServiceTest" time="0"/>
  <testcase name="ensureThatWeCanRetrieveFellowshipMultipleTimes[837]" classname="com.giangvt.unittest.services.DataServiceTest" time="0"/>
  <testcase name="ensureThatWeCanRetrieveFellowshipMultipleTimes[838]" classname="com.giangvt.unittest.services.DataServiceTest" time="0"/>
  <testcase name="ensureThatWeCanRetrieveFellowshipMultipleTimes[839]" classname="com.giangvt.unittest.services.DataServiceTest" time="0.001"/>
  <testcase name="ensureThatWeCanRetrieveFellowshipMultipleTimes[840]" classname="com.giangvt.unittest.services.DataServiceTest" time="0"/>
  <testcase name="ensureThatWeCanRetrieveFellowshipMultipleTimes[841]" classname="com.giangvt.unittest.services.DataServiceTest" time="0"/>
  <testcase name="ensureThatWeCanRetrieveFellowshipMultipleTimes[842]" classname="com.giangvt.unittest.services.DataServiceTest" time="0"/>
  <testcase name="ensureThatWeCanRetrieveFellowshipMultipleTimes[843]" classname="com.giangvt.unittest.services.DataServiceTest" time="0"/>
  <testcase name="ensureThatWeCanRetrieveFellowshipMultipleTimes[844]" classname="com.giangvt.unittest.services.DataServiceTest" time="0"/>
  <testcase name="ensureThatWeCanRetrieveFellowshipMultipleTimes[845]" classname="com.giangvt.unittest.services.DataServiceTest" time="0"/>
  <testcase name="ensureThatWeCanRetrieveFellowshipMultipleTimes[846]" classname="com.giangvt.unittest.services.DataServiceTest" time="0"/>
  <testcase name="ensureThatWeCanRetrieveFellowshipMultipleTimes[847]" classname="com.giangvt.unittest.services.DataServiceTest" time="0"/>
  <testcase name="ensureThatWeCanRetrieveFellowshipMultipleTimes[848]" classname="com.giangvt.unittest.services.DataServiceTest" time="0"/>
  <testcase name="ensureThatWeCanRetrieveFellowshipMultipleTimes[849]" classname="com.giangvt.unittest.services.DataServiceTest" time="0.001"/>
  <testcase name="ensureThatWeCanRetrieveFellowshipMultipleTimes[850]" classname="com.giangvt.unittest.services.DataServiceTest" time="0"/>
  <testcase name="ensureThatWeCanRetrieveFellowshipMultipleTimes[851]" classname="com.giangvt.unittest.services.DataServiceTest" time="0"/>
  <testcase name="ensureThatWeCanRetrieveFellowshipMultipleTimes[852]" classname="com.giangvt.unittest.services.DataServiceTest" time="0"/>
  <testcase name="ensureThatWeCanRetrieveFellowshipMultipleTimes[853]" classname="com.giangvt.unittest.services.DataServiceTest" time="0"/>
  <testcase name="ensureThatWeCanRetrieveFellowshipMultipleTimes[854]" classname="com.giangvt.unittest.services.DataServiceTest" time="0"/>
  <testcase name="ensureThatWeCanRetrieveFellowshipMultipleTimes[855]" classname="com.giangvt.unittest.services.DataServiceTest" time="0"/>
  <testcase name="ensureThatWeCanRetrieveFellowshipMultipleTimes[856]" classname="com.giangvt.unittest.services.DataServiceTest" time="0"/>
  <testcase name="ensureThatWeCanRetrieveFellowshipMultipleTimes[857]" classname="com.giangvt.unittest.services.DataServiceTest" time="0"/>
  <testcase name="ensureThatWeCanRetrieveFellowshipMultipleTimes[858]" classname="com.giangvt.unittest.services.DataServiceTest" time="0"/>
  <testcase name="ensureThatWeCanRetrieveFellowshipMultipleTimes[859]" classname="com.giangvt.unittest.services.DataServiceTest" time="0"/>
  <testcase name="ensureThatWeCanRetrieveFellowshipMultipleTimes[860]" classname="com.giangvt.unittest.services.DataServiceTest" time="0.001"/>
  <testcase name="ensureThatWeCanRetrieveFellowshipMultipleTimes[861]" classname="com.giangvt.unittest.services.DataServiceTest" time="0"/>
  <testcase name="ensureThatWeCanRetrieveFellowshipMultipleTimes[862]" classname="com.giangvt.unittest.services.DataServiceTest" time="0"/>
  <testcase name="ensureThatWeCanRetrieveFellowshipMultipleTimes[863]" classname="com.giangvt.unittest.services.DataServiceTest" time="0"/>
  <testcase name="ensureThatWeCanRetrieveFellowshipMultipleTimes[864]" classname="com.giangvt.unittest.services.DataServiceTest" time="0"/>
  <testcase name="ensureThatWeCanRetrieveFellowshipMultipleTimes[865]" classname="com.giangvt.unittest.services.DataServiceTest" time="0"/>
  <testcase name="ensureThatWeCanRetrieveFellowshipMultipleTimes[866]" classname="com.giangvt.unittest.services.DataServiceTest" time="0"/>
  <testcase name="ensureThatWeCanRetrieveFellowshipMultipleTimes[867]" classname="com.giangvt.unittest.services.DataServiceTest" time="0.001"/>
  <testcase name="ensureThatWeCanRetrieveFellowshipMultipleTimes[868]" classname="com.giangvt.unittest.services.DataServiceTest" time="0"/>
  <testcase name="ensureThatWeCanRetrieveFellowshipMultipleTimes[869]" classname="com.giangvt.unittest.services.DataServiceTest" time="0"/>
  <testcase name="ensureThatWeCanRetrieveFellowshipMultipleTimes[870]" classname="com.giangvt.unittest.services.DataServiceTest" time="0.001"/>
  <testcase name="ensureThatWeCanRetrieveFellowshipMultipleTimes[871]" classname="com.giangvt.unittest.services.DataServiceTest" time="0"/>
  <testcase name="ensureThatWeCanRetrieveFellowshipMultipleTimes[872]" classname="com.giangvt.unittest.services.DataServiceTest" time="0"/>
  <testcase name="ensureThatWeCanRetrieveFellowshipMultipleTimes[873]" classname="com.giangvt.unittest.services.DataServiceTest" time="0"/>
  <testcase name="ensureThatWeCanRetrieveFellowshipMultipleTimes[874]" classname="com.giangvt.unittest.services.DataServiceTest" time="0"/>
  <testcase name="ensureThatWeCanRetrieveFellowshipMultipleTimes[875]" classname="com.giangvt.unittest.services.DataServiceTest" time="0"/>
  <testcase name="ensureThatWeCanRetrieveFellowshipMultipleTimes[876]" classname="com.giangvt.unittest.services.DataServiceTest" time="0"/>
  <testcase name="ensureThatWeCanRetrieveFellowshipMultipleTimes[877]" classname="com.giangvt.unittest.services.DataServiceTest" time="0.001"/>
  <testcase name="ensureThatWeCanRetrieveFellowshipMultipleTimes[878]" classname="com.giangvt.unittest.services.DataServiceTest" time="0"/>
  <testcase name="ensureThatWeCanRetrieveFellowshipMultipleTimes[879]" classname="com.giangvt.unittest.services.DataServiceTest" time="0"/>
  <testcase name="ensureThatWeCanRetrieveFellowshipMultipleTimes[880]" classname="com.giangvt.unittest.services.DataServiceTest" time="0"/>
  <testcase name="ensureThatWeCanRetrieveFellowshipMultipleTimes[881]" classname="com.giangvt.unittest.services.DataServiceTest" time="0"/>
  <testcase name="ensureThatWeCanRetrieveFellowshipMultipleTimes[882]" classname="com.giangvt.unittest.services.DataServiceTest" time="0"/>
  <testcase name="ensureThatWeCanRetrieveFellowshipMultipleTimes[883]" classname="com.giangvt.unittest.services.DataServiceTest" time="0"/>
  <testcase name="ensureThatWeCanRetrieveFellowshipMultipleTimes[884]" classname="com.giangvt.unittest.services.DataServiceTest" time="0"/>
  <testcase name="ensureThatWeCanRetrieveFellowshipMultipleTimes[885]" classname="com.giangvt.unittest.services.DataServiceTest" time="0"/>
  <testcase name="ensureThatWeCanRetrieveFellowshipMultipleTimes[886]" classname="com.giangvt.unittest.services.DataServiceTest" time="0"/>
  <testcase name="ensureThatWeCanRetrieveFellowshipMultipleTimes[887]" classname="com.giangvt.unittest.services.DataServiceTest" time="0"/>
  <testcase name="ensureThatWeCanRetrieveFellowshipMultipleTimes[888]" classname="com.giangvt.unittest.services.DataServiceTest" time="0"/>
  <testcase name="ensureThatWeCanRetrieveFellowshipMultipleTimes[889]" classname="com.giangvt.unittest.services.DataServiceTest" time="0.001"/>
  <testcase name="ensureThatWeCanRetrieveFellowshipMultipleTimes[890]" classname="com.giangvt.unittest.services.DataServiceTest" time="0"/>
  <testcase name="ensureThatWeCanRetrieveFellowshipMultipleTimes[891]" classname="com.giangvt.unittest.services.DataServiceTest" time="0"/>
  <testcase name="ensureThatWeCanRetrieveFellowshipMultipleTimes[892]" classname="com.giangvt.unittest.services.DataServiceTest" time="0"/>
  <testcase name="ensureThatWeCanRetrieveFellowshipMultipleTimes[893]" classname="com.giangvt.unittest.services.DataServiceTest" time="0.001"/>
  <testcase name="ensureThatWeCanRetrieveFellowshipMultipleTimes[894]" classname="com.giangvt.unittest.services.DataServiceTest" time="0"/>
  <testcase name="ensureThatWeCanRetrieveFellowshipMultipleTimes[895]" classname="com.giangvt.unittest.services.DataServiceTest" time="0"/>
  <testcase name="ensureThatWeCanRetrieveFellowshipMultipleTimes[896]" classname="com.giangvt.unittest.services.DataServiceTest" time="0"/>
  <testcase name="ensureThatWeCanRetrieveFellowshipMultipleTimes[897]" classname="com.giangvt.unittest.services.DataServiceTest" time="0"/>
  <testcase name="ensureThatWeCanRetrieveFellowshipMultipleTimes[898]" classname="com.giangvt.unittest.services.DataServiceTest" time="0"/>
  <testcase name="ensureThatWeCanRetrieveFellowshipMultipleTimes[899]" classname="com.giangvt.unittest.services.DataServiceTest" time="0"/>
  <testcase name="ensureThatWeCanRetrieveFellowshipMultipleTimes[900]" classname="com.giangvt.unittest.services.DataServiceTest" time="0"/>
  <testcase name="ensureThatWeCanRetrieveFellowshipMultipleTimes[901]" classname="com.giangvt.unittest.services.DataServiceTest" time="0"/>
  <testcase name="ensureThatWeCanRetrieveFellowshipMultipleTimes[902]" classname="com.giangvt.unittest.services.DataServiceTest" time="0"/>
  <testcase name="ensureThatWeCanRetrieveFellowshipMultipleTimes[903]" classname="com.giangvt.unittest.services.DataServiceTest" time="0.001"/>
  <testcase name="ensureThatWeCanRetrieveFellowshipMultipleTimes[904]" classname="com.giangvt.unittest.services.DataServiceTest" time="0"/>
  <testcase name="ensureThatWeCanRetrieveFellowshipMultipleTimes[905]" classname="com.giangvt.unittest.services.DataServiceTest" time="0"/>
  <testcase name="ensureThatWeCanRetrieveFellowshipMultipleTimes[906]" classname="com.giangvt.unittest.services.DataServiceTest" time="0"/>
  <testcase name="ensureThatWeCanRetrieveFellowshipMultipleTimes[907]" classname="com.giangvt.unittest.services.DataServiceTest" time="0"/>
  <testcase name="ensureThatWeCanRetrieveFellowshipMultipleTimes[908]" classname="com.giangvt.unittest.services.DataServiceTest" time="0"/>
  <testcase name="ensureThatWeCanRetrieveFellowshipMultipleTimes[909]" classname="com.giangvt.unittest.services.DataServiceTest" time="0"/>
  <testcase name="ensureThatWeCanRetrieveFellowshipMultipleTimes[910]" classname="com.giangvt.unittest.services.DataServiceTest" time="0"/>
  <testcase name="ensureThatWeCanRetrieveFellowshipMultipleTimes[911]" classname="com.giangvt.unittest.services.DataServiceTest" time="0"/>
  <testcase name="ensureThatWeCanRetrieveFellowshipMultipleTimes[912]" classname="com.giangvt.unittest.services.DataServiceTest" time="0"/>
  <testcase name="ensureThatWeCanRetrieveFellowshipMultipleTimes[913]" classname="com.giangvt.unittest.services.DataServiceTest" time="0"/>
  <testcase name="ensureThatWeCanRetrieveFellowshipMultipleTimes[914]" classname="com.giangvt.unittest.services.DataServiceTest" time="0.001"/>
  <testcase name="ensureThatWeCanRetrieveFellowshipMultipleTimes[915]" classname="com.giangvt.unittest.services.DataServiceTest" time="0"/>
  <testcase name="ensureThatWeCanRetrieveFellowshipMultipleTimes[916]" classname="com.giangvt.unittest.services.DataServiceTest" time="0"/>
  <testcase name="ensureThatWeCanRetrieveFellowshipMultipleTimes[917]" classname="com.giangvt.unittest.services.DataServiceTest" time="0"/>
  <testcase name="ensureThatWeCanRetrieveFellowshipMultipleTimes[918]" classname="com.giangvt.unittest.services.DataServiceTest" time="0"/>
  <testcase name="ensureThatWeCanRetrieveFellowshipMultipleTimes[919]" classname="com.giangvt.unittest.services.DataServiceTest" time="0"/>
  <testcase name="ensureThatWeCanRetrieveFellowshipMultipleTimes[920]" classname="com.giangvt.unittest.services.DataServiceTest" time="0.001"/>
  <testcase name="ensureThatWeCanRetrieveFellowshipMultipleTimes[921]" classname="com.giangvt.unittest.services.DataServiceTest" time="0"/>
  <testcase name="ensureThatWeCanRetrieveFellowshipMultipleTimes[922]" classname="com.giangvt.unittest.services.DataServiceTest" time="0"/>
  <testcase name="ensureThatWeCanRetrieveFellowshipMultipleTimes[923]" classname="com.giangvt.unittest.services.DataServiceTest" time="0"/>
  <testcase name="ensureThatWeCanRetrieveFellowshipMultipleTimes[924]" classname="com.giangvt.unittest.services.DataServiceTest" time="0"/>
  <testcase name="ensureThatWeCanRetrieveFellowshipMultipleTimes[925]" classname="com.giangvt.unittest.services.DataServiceTest" time="0"/>
  <testcase name="ensureThatWeCanRetrieveFellowshipMultipleTimes[926]" classname="com.giangvt.unittest.services.DataServiceTest" time="0"/>
  <testcase name="ensureThatWeCanRetrieveFellowshipMultipleTimes[927]" classname="com.giangvt.unittest.services.DataServiceTest" time="0.001"/>
  <testcase name="ensureThatWeCanRetrieveFellowshipMultipleTimes[928]" classname="com.giangvt.unittest.services.DataServiceTest" time="0"/>
  <testcase name="ensureThatWeCanRetrieveFellowshipMultipleTimes[929]" classname="com.giangvt.unittest.services.DataServiceTest" time="0.001"/>
  <testcase name="ensureThatWeCanRetrieveFellowshipMultipleTimes[930]" classname="com.giangvt.unittest.services.DataServiceTest" time="0"/>
  <testcase name="ensureThatWeCanRetrieveFellowshipMultipleTimes[931]" classname="com.giangvt.unittest.services.DataServiceTest" time="0"/>
  <testcase name="ensureThatWeCanRetrieveFellowshipMultipleTimes[932]" classname="com.giangvt.unittest.services.DataServiceTest" time="0"/>
  <testcase name="ensureThatWeCanRetrieveFellowshipMultipleTimes[933]" classname="com.giangvt.unittest.services.DataServiceTest" time="0.001"/>
  <testcase name="ensureThatWeCanRetrieveFellowshipMultipleTimes[934]" classname="com.giangvt.unittest.services.DataServiceTest" time="0"/>
  <testcase name="ensureThatWeCanRetrieveFellowshipMultipleTimes[935]" classname="com.giangvt.unittest.services.DataServiceTest" time="0"/>
  <testcase name="ensureThatWeCanRetrieveFellowshipMultipleTimes[936]" classname="com.giangvt.unittest.services.DataServiceTest" time="0"/>
  <testcase name="ensureThatWeCanRetrieveFellowshipMultipleTimes[937]" classname="com.giangvt.unittest.services.DataServiceTest" time="0"/>
  <testcase name="ensureThatWeCanRetrieveFellowshipMultipleTimes[938]" classname="com.giangvt.unittest.services.DataServiceTest" time="0"/>
  <testcase name="ensureThatWeCanRetrieveFellowshipMultipleTimes[939]" classname="com.giangvt.unittest.services.DataServiceTest" time="0"/>
  <testcase name="ensureThatWeCanRetrieveFellowshipMultipleTimes[940]" classname="com.giangvt.unittest.services.DataServiceTest" time="0"/>
  <testcase name="ensureThatWeCanRetrieveFellowshipMultipleTimes[941]" classname="com.giangvt.unittest.services.DataServiceTest" time="0"/>
  <testcase name="ensureThatWeCanRetrieveFellowshipMultipleTimes[942]" classname="com.giangvt.unittest.services.DataServiceTest" time="0"/>
  <testcase name="ensureThatWeCanRetrieveFellowshipMultipleTimes[943]" classname="com.giangvt.unittest.services.DataServiceTest" time="0"/>
  <testcase name="ensureThatWeCanRetrieveFellowshipMultipleTimes[944]" classname="com.giangvt.unittest.services.DataServiceTest" time="0.001"/>
  <testcase name="ensureThatWeCanRetrieveFellowshipMultipleTimes[945]" classname="com.giangvt.unittest.services.DataServiceTest" time="0"/>
  <testcase name="ensureThatWeCanRetrieveFellowshipMultipleTimes[946]" classname="com.giangvt.unittest.services.DataServiceTest" time="0.004"/>
  <testcase name="ensureThatWeCanRetrieveFellowshipMultipleTimes[947]" classname="com.giangvt.unittest.services.DataServiceTest" time="0"/>
  <testcase name="ensureThatWeCanRetrieveFellowshipMultipleTimes[948]" classname="com.giangvt.unittest.services.DataServiceTest" time="0"/>
  <testcase name="ensureThatWeCanRetrieveFellowshipMultipleTimes[949]" classname="com.giangvt.unittest.services.DataServiceTest" time="0"/>
  <testcase name="ensureThatWeCanRetrieveFellowshipMultipleTimes[950]" classname="com.giangvt.unittest.services.DataServiceTest" time="0"/>
  <testcase name="ensureThatWeCanRetrieveFellowshipMultipleTimes[951]" classname="com.giangvt.unittest.services.DataServiceTest" time="0"/>
  <testcase name="ensureThatWeCanRetrieveFellowshipMultipleTimes[952]" classname="com.giangvt.unittest.services.DataServiceTest" time="0"/>
  <testcase name="ensureThatWeCanRetrieveFellowshipMultipleTimes[953]" classname="com.giangvt.unittest.services.DataServiceTest" time="0"/>
  <testcase name="ensureThatWeCanRetrieveFellowshipMultipleTimes[954]" classname="com.giangvt.unittest.services.DataServiceTest" time="0"/>
  <testcase name="ensureThatWeCanRetrieveFellowshipMultipleTimes[955]" classname="com.giangvt.unittest.services.DataServiceTest" time="0"/>
  <testcase name="ensureThatWeCanRetrieveFellowshipMultipleTimes[956]" classname="com.giangvt.unittest.services.DataServiceTest" time="0"/>
  <testcase name="ensureThatWeCanRetrieveFellowshipMultipleTimes[957]" classname="com.giangvt.unittest.services.DataServiceTest" time="0"/>
  <testcase name="ensureThatWeCanRetrieveFellowshipMultipleTimes[958]" classname="com.giangvt.unittest.services.DataServiceTest" time="0"/>
  <testcase name="ensureThatWeCanRetrieveFellowshipMultipleTimes[959]" classname="com.giangvt.unittest.services.DataServiceTest" time="0"/>
  <testcase name="ensureThatWeCanRetrieveFellowshipMultipleTimes[960]" classname="com.giangvt.unittest.services.DataServiceTest" time="0"/>
  <testcase name="ensureThatWeCanRetrieveFellowshipMultipleTimes[961]" classname="com.giangvt.unittest.services.DataServiceTest" time="0"/>
  <testcase name="ensureThatWeCanRetrieveFellowshipMultipleTimes[962]" classname="com.giangvt.unittest.services.DataServiceTest" time="0"/>
  <testcase name="ensureThatWeCanRetrieveFellowshipMultipleTimes[963]" classname="com.giangvt.unittest.services.DataServiceTest" time="0"/>
  <testcase name="ensureThatWeCanRetrieveFellowshipMultipleTimes[964]" classname="com.giangvt.unittest.services.DataServiceTest" time="0"/>
  <testcase name="ensureThatWeCanRetrieveFellowshipMultipleTimes[965]" classname="com.giangvt.unittest.services.DataServiceTest" time="0"/>
  <testcase name="ensureThatWeCanRetrieveFellowshipMultipleTimes[966]" classname="com.giangvt.unittest.services.DataServiceTest" time="0"/>
  <testcase name="ensureThatWeCanRetrieveFellowshipMultipleTimes[967]" classname="com.giangvt.unittest.services.DataServiceTest" time="0"/>
  <testcase name="ensureThatWeCanRetrieveFellowshipMultipleTimes[968]" classname="com.giangvt.unittest.services.DataServiceTest" time="0"/>
  <testcase name="ensureThatWeCanRetrieveFellowshipMultipleTimes[969]" classname="com.giangvt.unittest.services.DataServiceTest" time="0"/>
  <testcase name="ensureThatWeCanRetrieveFellowshipMultipleTimes[970]" classname="com.giangvt.unittest.services.DataServiceTest" time="0"/>
  <testcase name="ensureThatWeCanRetrieveFellowshipMultipleTimes[971]" classname="com.giangvt.unittest.services.DataServiceTest" time="0"/>
  <testcase name="ensureThatWeCanRetrieveFellowshipMultipleTimes[972]" classname="com.giangvt.unittest.services.DataServiceTest" time="0"/>
  <testcase name="ensureThatWeCanRetrieveFellowshipMultipleTimes[973]" classname="com.giangvt.unittest.services.DataServiceTest" time="0"/>
  <testcase name="ensureThatWeCanRetrieveFellowshipMultipleTimes[974]" classname="com.giangvt.unittest.services.DataServiceTest" time="0.001"/>
  <testcase name="ensureThatWeCanRetrieveFellowshipMultipleTimes[975]" classname="com.giangvt.unittest.services.DataServiceTest" time="0"/>
  <testcase name="ensureThatWeCanRetrieveFellowshipMultipleTimes[976]" classname="com.giangvt.unittest.services.DataServiceTest" time="0"/>
  <testcase name="ensureThatWeCanRetrieveFellowshipMultipleTimes[977]" classname="com.giangvt.unittest.services.DataServiceTest" time="0"/>
  <testcase name="ensureThatWeCanRetrieveFellowshipMultipleTimes[978]" classname="com.giangvt.unittest.services.DataServiceTest" time="0"/>
  <testcase name="ensureThatWeCanRetrieveFellowshipMultipleTimes[979]" classname="com.giangvt.unittest.services.DataServiceTest" time="0"/>
  <testcase name="ensureThatWeCanRetrieveFellowshipMultipleTimes[980]" classname="com.giangvt.unittest.services.DataServiceTest" time="0"/>
  <testcase name="ensureThatWeCanRetrieveFellowshipMultipleTimes[981]" classname="com.giangvt.unittest.services.DataServiceTest" time="0"/>
  <testcase name="ensureThatWeCanRetrieveFellowshipMultipleTimes[982]" classname="com.giangvt.unittest.services.DataServiceTest" time="0"/>
  <testcase name="ensureThatWeCanRetrieveFellowshipMultipleTimes[983]" classname="com.giangvt.unittest.services.DataServiceTest" time="0"/>
  <testcase name="ensureThatWeCanRetrieveFellowshipMultipleTimes[984]" classname="com.giangvt.unittest.services.DataServiceTest" time="0"/>
  <testcase name="ensureThatWeCanRetrieveFellowshipMultipleTimes[985]" classname="com.giangvt.unittest.services.DataServiceTest" time="0"/>
  <testcase name="ensureThatWeCanRetrieveFellowshipMultipleTimes[986]" classname="com.giangvt.unittest.services.DataServiceTest" time="0.001"/>
  <testcase name="ensureThatWeCanRetrieveFellowshipMultipleTimes[987]" classname="com.giangvt.unittest.services.DataServiceTest" time="0"/>
  <testcase name="ensureThatWeCanRetrieveFellowshipMultipleTimes[988]" classname="com.giangvt.unittest.services.DataServiceTest" time="0"/>
  <testcase name="ensureThatWeCanRetrieveFellowshipMultipleTimes[989]" classname="com.giangvt.unittest.services.DataServiceTest" time="0"/>
  <testcase name="ensureThatWeCanRetrieveFellowshipMultipleTimes[990]" classname="com.giangvt.unittest.services.DataServiceTest" time="0.001"/>
  <testcase name="ensureThatWeCanRetrieveFellowshipMultipleTimes[991]" classname="com.giangvt.unittest.services.DataServiceTest" time="0"/>
  <testcase name="ensureThatWeCanRetrieveFellowshipMultipleTimes[992]" classname="com.giangvt.unittest.services.DataServiceTest" time="0.001"/>
  <testcase name="ensureThatWeCanRetrieveFellowshipMultipleTimes[993]" classname="com.giangvt.unittest.services.DataServiceTest" time="0"/>
  <testcase name="ensureThatWeCanRetrieveFellowshipMultipleTimes[994]" classname="com.giangvt.unittest.services.DataServiceTest" time="0"/>
  <testcase name="ensureThatWeCanRetrieveFellowshipMultipleTimes[995]" classname="com.giangvt.unittest.services.DataServiceTest" time="0"/>
  <testcase name="ensureThatWeCanRetrieveFellowshipMultipleTimes[996]" classname="com.giangvt.unittest.services.DataServiceTest" time="0.001"/>
  <testcase name="ensureThatWeCanRetrieveFellowshipMultipleTimes[997]" classname="com.giangvt.unittest.services.DataServiceTest" time="0"/>
  <testcase name="ensureThatWeCanRetrieveFellowshipMultipleTimes[998]" classname="com.giangvt.unittest.services.DataServiceTest" time="0"/>
  <testcase name="ensureThatWeCanRetrieveFellowshipMultipleTimes[999]" classname="com.giangvt.unittest.services.DataServiceTest" time="0"/>
  <testcase name="ensureThatWeCanRetrieveFellowshipMultipleTimes[1000]" classname="com.giangvt.unittest.services.DataServiceTest" time="0"/>
  <testcase name="ensureThatEqualsWorksForCharaters" classname="com.giangvt.unittest.services.DataServiceTest" time="0.001"/>
  <testcase name="ensureThatAgeMustBeLargerThanZeroViaSetter" classname="com.giangvt.unittest.services.DataServiceTest" time="0.001"/>
  <testcase name="ensureFellowShipCharacterAccessByNameReturnsNullForUnknownCharacter" classname="com.giangvt.unittest.services.DataServiceTest" time="0.002"/>
  <testcase name="checkInheritance" classname="com.giangvt.unittest.services.DataServiceTest" time="0.001"/>
  <testcase name="ensureThatInitializationOfTolkeinCharactorsWorks" classname="com.giangvt.unittest.services.DataServiceTest" time="0.003"/>
  <testcase name="ensureThatFrodoAndGandalfArePartOfTheFellowsip" classname="com.giangvt.unittest.services.DataServiceTest" time="0.001"/>
</testsuite>